

<!DOCTYPE html>
<html>
<head>
<meta charset="UTF-8">
<meta name="viewport" content="width=device-width, initial-scale=1, shrink-to-fit=no">
<title>Extent Report</title>
<link rel="apple-touch-icon" href="https://cdn.jsdelivr.net/gh/extent-framework/extent-github-cdn@b00a2d0486596e73dd7326beacf352c639623a0e/commons/img/logo.png">
<link rel="shortcut icon" href="https://cdn.jsdelivr.net/gh/extent-framework/extent-github-cdn@b00a2d0486596e73dd7326beacf352c639623a0e/commons/img/logo.png">
<link href="https://cdn.jsdelivr.net/gh/extent-framework/extent-github-cdn@d6562a79075e061305ccfdb82f01e5e195e2d307/spark/css/spark-style.css" rel="stylesheet" />
<link href="https://stackpath.bootstrapcdn.com/font-awesome/4.7.0/css/font-awesome.min.css" rel="stylesheet">
<script src="https://cdn.jsdelivr.net/gh/extent-framework/extent-github-cdn@7cc78ce/spark/js/jsontree.js"></script>
<style type="text/css"></style></head><body class="spa bdd-report dark">
  <div class="app">
    <div class="layout">
<div class="header navbar">
<div class="vheader">
<div class="nav-logo">
<a href="#">
<div class="logo" style="background-image: url('https://cdn.jsdelivr.net/gh/extent-framework/extent-github-cdn@b00a2d0486596e73dd7326beacf352c639623a0e/commons/img/logo.png')"></div>
</a>
</div>
<ul class="nav-left">
<li class="search-box">
<a class="search-toggle" href="#">
<i class="search-icon fa fa-search"></i>
<i class="search-icon-close fa fa-close"></i>
</a>
</li>
<li class="search-input"><input id="search-tests" class="form-control" type="text" placeholder="Search..."></li>
</ul>
<ul class="nav-right">
<li class="m-r-10">
<a href="#"><span class="badge badge-primary">Cars Guide Report</span></a>
</li>
<li class="m-r-10">
<a href="#"><span class="badge badge-primary">Dec 21, 2023 05:19:41 pm</span></a>
</li>
</ul>
</div>
</div><div class="side-nav">
<div class="side-nav-inner">
<ul class="side-nav-menu">
<li class="nav-item dropdown" onclick="toggleView('dashboard-view')">
<a id="nav-dashboard" class="dropdown-toggle" href="#">
<span class="ico"><i class="fa fa-bar-chart"></i></span>
</a>
</li>
<li class="nav-item dropdown" onclick="toggleView('test-view')">
<a id="nav-test" class="dropdown-toggle" href="#">
<span class="ico"><i class="fa fa-list"></i></span>
</a>
</li>
<li class="nav-item dropdown" onclick="toggleView('category-view')">
<a id="nav-category" class="dropdown-toggle" href="#">
<span class="ico"><i class="fa fa-tag"></i></span>
</a>
</li>
<li class="nav-item dropdown" onclick="toggleView('exception-view')">
<a id="nav-exception" class="dropdown-toggle" href="#">
<span class="ico"><i class="fa fa-bug"></i></span>
</a>
</li>
</ul>
</div>
</div>      <div class="vcontainer">
        <div class="main-content">
<div class="container-fluid p-4 view dashboard-view">
<div class="row">
<div class="col-md-3">
<div class="card"><div class="card-body">
<p class="m-b-0">Started</p>
<h3>Dec 21, 2023 05:19:41 pm</h3>
</div></div>
</div>
<div class="col-md-3">
<div class="card"><div class="card-body">
<p class="m-b-0">Ended</p>
<h3>Dec 21, 2023 05:24:18 pm</h3>
</div></div>
</div>
<div class="col-md-3">
<div class="card"><div class="card-body">
<p class="m-b-0 text-pass">Features Passed</p>
<h3>0</h3>
</div></div>
</div>
<div class="col-md-3">
<div class="card"><div class="card-body">
<p class="m-b-0 text-fail">Features Failed</p>
<h3>2</h3>
</div></div>
</div>
</div>
<div class="row">
<div class="col-md-4">
<div class="card">
<div class="card-header">
<h6 class="card-title">Features</h6>
</div>
<div class="card-body">
<div class="">
<canvas id='parent-analysis' width='115' height='90'></canvas>
</div>
</div>
<div class="card-footer">
<div><small data-tooltip='0%'>
<b>0</b> features passed
</small>
</div>
<div>
<small data-tooltip='100%'><b>2</b> features failed,
<b>0</b> skipped, <b data-tooltip='0%'>0</b> others
</small>
</div>
</div>
</div>
</div>
<div class="col-md-4">
<div class="card">
<div class="card-header">
<h6 class="card-title">Scenarios</h6>
</div>
<div class="card-body">
<div class="">
<canvas id='child-analysis' width='115' height='90'></canvas>
</div>
</div>
<div class="card-footer">
<div><small data-tooltip='0%'><b>0</b> scenarios passed</small></div>
<div>
<small data-tooltip='100%'><b>13</b> scenarios failed,
<b>0</b> skipped, <b data-tooltip='%'>0</b> others
</small>
</div>
</div>
</div>
</div>
<div class="col-md-4">
<div class="card">
<div class="card-header">
<h6 class="card-title">Steps</h6>
</div>
<div class="card-body">
<div class="">
<canvas id='grandchild-analysis' width='115' height='90'></canvas>
</div>
</div>
<div class="card-footer">
<div><small data-tooltip='87%'><b>114</b> steps passed</small></div>
<div>
<small data-tooltip='9%'><b>13</b> steps failed,
<b>4</b> skipped, <b data-tooltip='%'>0</b> others
</small>
</div>
</div>
</div>
</div>
</div>
<div class="row"><div class="col-md-12">
<div class="card"><div class="card-header"><p>Timeline</p></div>
<div class="card-body pt-0"><div>
<canvas id="timeline" height="120"></canvas>
</div></div>
</div>
</div></div>
<script>
var timeline = {
"Search functionality":265.681,"Find the dealers and verify":10.184
};
</script>
<div class="row">
<div class="col-lg-6 col-md-12 category-container">
<div class="card">
<div class="card-header"><p>Tags</p></div>
<div class="card-body pb-0 pt-0"><table class="table table-sm table-bordered">
<thead><tr class="bg-gray"><th>Name</th><th>Passed</th><th>Failed</th><th>Skipped</th><th>Others</th><th>Passed %</th></tr></thead><tbody>
<tr>
<td>@regression</td>
<td>0</td>
<td>7</td>
<td>0</td>
<td>0</td>
<td>0%</td>
</tr>
<tr>
<td>@author_MKT</td>
<td>0</td>
<td>7</td>
<td>0</td>
<td>0</td>
<td>0%</td>
</tr>
</tbody>
</table></div>
</div>
</div>
<div class="col-lg-6 col-md-12 sysenv-container">
<div class="card">
<div class="card-header"><p>System/Environment</p></div>
<div class="card-body pb-0 pt-0"><table class="table table-sm table-bordered">
<thead><tr class="bg-gray"><th>Name</th><th>Value</th></tr></thead>
<tbody>
<tr>
<td>Engineer</td>
<td>MKT</td>
</tr>
<tr>
<td>Project</td>
<td>Cars Guide</td>
</tr>
<tr>
<td>os</td>
<td>Windows</td>
</tr>
</tbody>
</table></div>
</div>
</div>
</div>
</div>
<script>
var statusGroup = {
parentCount: 5,
passParent: 0,
failParent: 2,
warningParent: 0,
skipParent: 0,
childCount: 5,
passChild: 0,
failChild: 13,
warningChild: 0,
skipChild: 0,
infoChild: 0,
grandChildCount: 5,
passGrandChild: 114,
failGrandChild: 13,
warningGrandChild: 0,
skipGrandChild: 4,
infoGrandChild: 0,
eventsCount: 5,
};
</script><div class="test-wrapper row view test-view">
  <div class="test-list">
    <div class="test-list-tools">
<ul class="tools pull-left">
<li><a href="#"><span class="font-size-14">Tests</span></a></li>
</ul>
<ul class="tools text-right">
<li class="dropdown">
<a href="#" class="dropdown-toggle" data-toggle="dropdown"><i class="fa fa-exclamation-circle"></i></a>
<ul id="status-toggle" class="dropdown-menu dropdown-md p-v-0">
<a class="dropdown-item" status="fail" href="#"><span>Fail</span><span class="status danger"></span></a>
<div class="dropdown-divider"></div>
<a status="clear" class="dropdown-item" href="#"><span>Clear</span><span class="pull-right"><i class="fa fa-close"></i></span></a>
</ul>
</li>
<li class="dropdown">
<a href="#" class="dropdown-toggle" data-toggle="dropdown"><i class="fa fa-tag"></i></a>
<ul id="tag-toggle" class="dropdown-menu dropdown-md p-v-0">
<a class="dropdown-item" href="#">@regression</a><a class="dropdown-item" href="#">@author_MKT</a>
</ul>
</li>
</ul>
</div>    <div class="test-list-wrapper scrollable">
      <ul class="test-list-item">
        <li class="test-item"  status="fail" test-id="1"
          author=""
          tag=""
          device="">
          <div class="test-detail">
            <p class="name">Search functionality</p>
            <p class="text-sm">
              <span>17:19:42</span> / <span>00:04:25:681</span>
              <span class="badge fail-bg log float-right">Fail</span>
            </p>
          </div>
          <div class="test-contents d-none">
<div class="detail-head">
<div class="p-v-10">
<div class="info">
<h5 class="test-status text-fail">Search functionality</h5>
<span class='badge badge-success'>12.21.2023 17:19:42</span>
<span class='badge badge-danger'>12.21.2023 17:24:07</span>
<span class='badge badge-default'>00:04:25:681</span>
&middot; <span class='uri-anchor badge badge-default'>#test-id=1</span>
<span class='badge badge-default pointer float-right ml-1 et'><i class="fa fa-chevron-down"></i></span>
<span class='badge badge-default pointer float-right ct'><i class="fa fa-chevron-up"></i></span>
</div>
<div class="m-t-10 m-l-5"></div>
</div>
</div>
<div class="accordion mt-4">
  <div class="card">
    <div class="card-header" role="tab">
      <div class="card-title">
        <div class="node" id="2"><span class="badge log fail-bg mr-2">Fail</span>Search the buy car with model</div>
      </div>
    </div>
        <div class="scenario_outline ">
            <div class="card-body l1">
              <div class="card-header">
                <div class="card-title outline-child">
                  <div class="node" id="3"><span class="badge log fail-bg mr-2">Fail</span>Search the buy car with model</div>
                </div>
              </div>
              <div class="card-body mt-3 ">
                  <div class="step pass-bg">
                    <span>Given I am on homepage</span>
      <div>
      </div>
                  </div>
                  <div class="step pass-bg">
                    <span>When I mouse hover on “buy+sell” tab</span>
      <div>
      </div>
                  </div>
                  <div class="step pass-bg">
                    <span>And I click ‘Search Cars’ link</span>
      <div>
      </div>
                  </div>
                  <div class="step pass-bg">
                    <span>Then I navigate to ‘new and used car search’ page</span>
      <div>
      </div>
                  </div>
                  <div class="step pass-bg">
                    <span>And I select make 'Nissan'</span>
      <div>
      </div>
                  </div>
                  <div class="step pass-bg">
                    <span>And I select model '180SX'</span>
      <div>
      </div>
                  </div>
                  <div class="step pass-bg">
                    <span>And I select location 'Any Location'</span>
      <div>
      </div>
                  </div>
                  <div class="step pass-bg">
                    <span>And I select price '$50,000'</span>
      <div>
      </div>
                  </div>
                  <div class="step pass-bg">
                    <span>And I click on Find My Next Car tab</span>
      <div>
      </div>
                  </div>
                  <div class="step fail-bg">
                    <span>Then I should see the make “Nissan' in results</span>
      <div>Step undefined
      </div>
                  </div>
              </div>
            </div>
            <div class="card-body l1">
              <div class="card-header">
                <div class="card-title outline-child">
                  <div class="node" id="16"><span class="badge log fail-bg mr-2">Fail</span>Search the buy car with model</div>
                </div>
              </div>
              <div class="card-body mt-3 ">
                  <div class="step pass-bg">
                    <span>Given I am on homepage</span>
      <div>
      </div>
                  </div>
                  <div class="step pass-bg">
                    <span>When I mouse hover on “buy+sell” tab</span>
      <div>
      </div>
                  </div>
                  <div class="step pass-bg">
                    <span>And I click ‘Search Cars’ link</span>
      <div>
      </div>
                  </div>
                  <div class="step pass-bg">
                    <span>Then I navigate to ‘new and used car search’ page</span>
      <div>
      </div>
                  </div>
                  <div class="step pass-bg">
                    <span>And I select make 'BMW'</span>
      <div>
      </div>
                  </div>
                  <div class="step pass-bg">
                    <span>And I select model '1 Series'</span>
      <div>
      </div>
                  </div>
                  <div class="step pass-bg">
                    <span>And I select location 'Any Location'</span>
      <div>
      </div>
                  </div>
                  <div class="step pass-bg">
                    <span>And I select price '$2,000'</span>
      <div>
      </div>
                  </div>
                  <div class="step pass-bg">
                    <span>And I click on Find My Next Car tab</span>
      <div>
      </div>
                  </div>
                  <div class="step fail-bg">
                    <span>Then I should see the make “BMW' in results</span>
      <div>Step undefined
      </div>
                  </div>
              </div>
            </div>
            <div class="card-body l1">
              <div class="card-header">
                <div class="card-title outline-child">
                  <div class="node" id="29"><span class="badge log fail-bg mr-2">Fail</span>Search the buy car with model</div>
                </div>
              </div>
              <div class="card-body mt-3 ">
                  <div class="step pass-bg">
                    <span>Given I am on homepage</span>
      <div>
      </div>
                  </div>
                  <div class="step pass-bg">
                    <span>When I mouse hover on “buy+sell” tab</span>
      <div>
      </div>
                  </div>
                  <div class="step pass-bg">
                    <span>And I click ‘Search Cars’ link</span>
      <div>
      </div>
                  </div>
                  <div class="step pass-bg">
                    <span>Then I navigate to ‘new and used car search’ page</span>
      <div>
      </div>
                  </div>
                  <div class="step pass-bg">
                    <span>And I select make 'Suzuki'</span>
      <div>
      </div>
                  </div>
                  <div class="step pass-bg">
                    <span>And I select model 'Baleno'</span>
      <div>
      </div>
                  </div>
                  <div class="step pass-bg">
                    <span>And I select location 'Any Location'</span>
      <div>
      </div>
                  </div>
                  <div class="step pass-bg">
                    <span>And I select price '$35,000'</span>
      <div>
      </div>
                  </div>
                  <div class="step pass-bg">
                    <span>And I click on Find My Next Car tab</span>
      <div>
      </div>
                  </div>
                  <div class="step fail-bg">
                    <span>Then I should see the make “Suzuki' in results</span>
      <div>Step undefined
      </div>
                  </div>
              </div>
            </div>
            <div class="card-body l1">
              <div class="card-header">
                <div class="card-title outline-child">
                  <div class="node" id="42"><span class="badge log fail-bg mr-2">Fail</span>Search the buy car with model</div>
                </div>
              </div>
              <div class="card-body mt-3 ">
                  <div class="step pass-bg">
                    <span>Given I am on homepage</span>
      <div>
      </div>
                  </div>
                  <div class="step pass-bg">
                    <span>When I mouse hover on “buy+sell” tab</span>
      <div>
      </div>
                  </div>
                  <div class="step pass-bg">
                    <span>And I click ‘Search Cars’ link</span>
      <div>
      </div>
                  </div>
                  <div class="step pass-bg">
                    <span>Then I navigate to ‘new and used car search’ page</span>
      <div>
      </div>
                  </div>
                  <div class="step pass-bg">
                    <span>And I select make 'Subaru'</span>
      <div>
      </div>
                  </div>
                  <div class="step pass-bg">
                    <span>And I select model 'Sambar'</span>
      <div>
      </div>
                  </div>
                  <div class="step pass-bg">
                    <span>And I select location 'Any Location'</span>
      <div>
      </div>
                  </div>
                  <div class="step pass-bg">
                    <span>And I select price '$35,000'</span>
      <div>
      </div>
                  </div>
                  <div class="step pass-bg">
                    <span>And I click on Find My Next Car tab</span>
      <div>
      </div>
                  </div>
                  <div class="step fail-bg">
                    <span>Then I should see the make “Subaru' in results</span>
      <div>Step undefined
      </div>
                  </div>
              </div>
            </div>
            <div class="card-body l1">
              <div class="card-header">
                <div class="card-title outline-child">
                  <div class="node" id="55"><span class="badge log fail-bg mr-2">Fail</span>Search the buy car with model</div>
                </div>
              </div>
              <div class="card-body mt-3 ">
                  <div class="step pass-bg">
                    <span>Given I am on homepage</span>
      <div>
      </div>
                  </div>
                  <div class="step pass-bg">
                    <span>When I mouse hover on “buy+sell” tab</span>
      <div>
      </div>
                  </div>
                  <div class="step pass-bg">
                    <span>And I click ‘Search Cars’ link</span>
      <div>
      </div>
                  </div>
                  <div class="step pass-bg">
                    <span>Then I navigate to ‘new and used car search’ page</span>
      <div>
      </div>
                  </div>
                  <div class="step pass-bg">
                    <span>And I select make 'Cadillac'</span>
      <div>
      </div>
                  </div>
                  <div class="step pass-bg">
                    <span>And I select model 'Escalade'</span>
      <div>
      </div>
                  </div>
                  <div class="step pass-bg">
                    <span>And I select location 'Any Location'</span>
      <div>
      </div>
                  </div>
                  <div class="step pass-bg">
                    <span>And I select price '$90,000'</span>
      <div>
      </div>
                  </div>
                  <div class="step pass-bg">
                    <span>And I click on Find My Next Car tab</span>
      <div>
      </div>
                  </div>
                  <div class="step fail-bg">
                    <span>Then I should see the make “Cadillac' in results</span>
      <div>Step undefined
      </div>
                  </div>
              </div>
            </div>
            <div class="card-body l1">
              <div class="card-header">
                <div class="card-title outline-child">
                  <div class="node" id="68"><span class="badge log fail-bg mr-2">Fail</span>Search the buy car with model</div>
                </div>
              </div>
              <div class="card-body mt-3 ">
                  <div class="step pass-bg">
                    <span>Given I am on homepage</span>
      <div>
      </div>
                  </div>
                  <div class="step pass-bg">
                    <span>When I mouse hover on “buy+sell” tab</span>
      <div>
      </div>
                  </div>
                  <div class="step pass-bg">
                    <span>And I click ‘Search Cars’ link</span>
      <div>
      </div>
                  </div>
                  <div class="step pass-bg">
                    <span>Then I navigate to ‘new and used car search’ page</span>
      <div>
      </div>
                  </div>
                  <div class="step pass-bg">
                    <span>And I select make 'Hyundai'</span>
      <div>
      </div>
                  </div>
                  <div class="step pass-bg">
                    <span>And I select model 'Accent'</span>
      <div>
      </div>
                  </div>
                  <div class="step pass-bg">
                    <span>And I select location 'Any Location'</span>
      <div>
      </div>
                  </div>
                  <div class="step pass-bg">
                    <span>And I select price '$7,500'</span>
      <div>
      </div>
                  </div>
                  <div class="step pass-bg">
                    <span>And I click on Find My Next Car tab</span>
      <div>
      </div>
                  </div>
                  <div class="step fail-bg">
                    <span>Then I should see the make “Hyundai' in results</span>
      <div>Step undefined
      </div>
                  </div>
              </div>
            </div>
        </div>
  </div>
  <div class="card">
    <div class="card-header" role="tab">
      <div class="card-title">
        <div class="node" id="81"><span class="badge log fail-bg mr-2">Fail</span>Search the used car with model</div>
          <div class="status-avatar float-right mr-4">
            <i class="fa fa-paperclip"></i>
          </div>
      </div>
    </div>
        <div class="scenario_outline ">
            <div class="card-body l1">
              <div class="card-header">
                <div class="card-title outline-child">
                  <div class="node" id="82"><span class="badge log fail-bg mr-2">Fail</span>Search the used car with model</div>
                    <div class="status-avatar float-right">
                      <i class="fa fa-paperclip"></i>
                    </div>
                </div>
              </div>
              <div class="card-body mt-3 ">
                  <div class="step pass-bg">
                    <span>Given I am on homepage</span>
      <div>
      </div>
                  </div>
                  <div class="step pass-bg">
                    <span>When I mouse hover on “buy+sell” tab</span>
      <div>
      </div>
                  </div>
                  <div class="step pass-bg">
                    <span>And I click ‘Used’ link</span>
      <div>
      </div>
                  </div>
                  <div class="step pass-bg">
                    <span>Then I navigate to ‘Used Cars For Sale’ page</span>
      <div>
      </div>
                  </div>
                  <div class="step pass-bg">
                    <span>And I select make 'Isuzu'</span>
      <div>
      </div>
                  </div>
                  <div class="step pass-bg">
                    <span>And I select model 'Bellet'</span>
      <div>
      </div>
                  </div>
                  <div class="step pass-bg">
                    <span>And I select location 'Any Location'</span>
      <div>
      </div>
                  </div>
                  <div class="step pass-bg">
                    <span>And I select price '$10,000'</span>
      <div>
      </div>
                  </div>
                  <div class="step pass-bg">
                    <span>And I click on Find My Next Car tab</span>
      <div>
      </div>
                  </div>
                  <div class="step fail-bg">
                    <span>Then I should see the make 'Isuzu' in results</span>
      <div>
        <textarea disabled class="code-block">io.cucumber.core.exception.CucumberException: Step [I should see the make {string} in results] is defined with 0 parameters at 'com.car.guide.practice.steps.BuySteps.iShouldSeeTheMakeMakeInResults()'.
However, the gherkin step has 1 arguments:
 * 'Isuzu'
Step text: I should see the make 'Isuzu' in results
	at io.cucumber.core.runner.PickleStepDefinitionMatch.arityMismatch(PickleStepDefinitionMatch.java:83)
	at io.cucumber.core.runner.PickleStepDefinitionMatch.runStep(PickleStepDefinitionMatch.java:42)
	at io.cucumber.core.runner.ExecutionMode$1.execute(ExecutionMode.java:10)
	at io.cucumber.core.runner.TestStep.executeStep(TestStep.java:84)
	at io.cucumber.core.runner.TestStep.run(TestStep.java:56)
	at io.cucumber.core.runner.PickleStepTestStep.run(PickleStepTestStep.java:51)
	at io.cucumber.core.runner.TestCase.run(TestCase.java:84)
	at io.cucumber.core.runner.Runner.runPickle(Runner.java:75)
	at io.cucumber.testng.TestNGCucumberRunner.lambda$runScenario$1(TestNGCucumberRunner.java:132)
	at io.cucumber.core.runtime.CucumberExecutionContext.lambda$runTestCase$5(CucumberExecutionContext.java:137)
	at io.cucumber.core.runtime.RethrowingThrowableCollector.executeAndThrow(RethrowingThrowableCollector.java:23)
	at io.cucumber.core.runtime.CucumberExecutionContext.runTestCase(CucumberExecutionContext.java:137)
	at io.cucumber.testng.TestNGCucumberRunner.runScenario(TestNGCucumberRunner.java:129)
	at io.cucumber.testng.AbstractTestNGCucumberTests.runScenario(AbstractTestNGCucumberTests.java:35)
	at java.base/jdk.internal.reflect.NativeMethodAccessorImpl.invoke0(Native Method)
	at java.base/jdk.internal.reflect.NativeMethodAccessorImpl.invoke(NativeMethodAccessorImpl.java:77)
	at java.base/jdk.internal.reflect.DelegatingMethodAccessorImpl.invoke(DelegatingMethodAccessorImpl.java:43)
	at java.base/java.lang.reflect.Method.invoke(Method.java:568)
	at org.testng.internal.invokers.MethodInvocationHelper.invokeMethod(MethodInvocationHelper.java:139)
	at org.testng.internal.invokers.TestInvoker.invokeMethod(TestInvoker.java:664)
	at org.testng.internal.invokers.TestInvoker.invokeTestMethod(TestInvoker.java:227)
	at org.testng.internal.invokers.MethodRunner.runInSequence(MethodRunner.java:50)
	at org.testng.internal.invokers.TestInvoker$MethodInvocationAgent.invoke(TestInvoker.java:957)
	at org.testng.internal.invokers.TestInvoker.invokeTestMethods(TestInvoker.java:200)
	at org.testng.internal.invokers.TestMethodWorker.invokeTestMethods(TestMethodWorker.java:148)
	at org.testng.internal.invokers.TestMethodWorker.run(TestMethodWorker.java:128)
	at java.base/java.util.ArrayList.forEach(ArrayList.java:1511)
	at org.testng.TestRunner.privateRun(TestRunner.java:848)
	at org.testng.TestRunner.run(TestRunner.java:621)
	at org.testng.SuiteRunner.runTest(SuiteRunner.java:443)
	at org.testng.SuiteRunner.runSequentially(SuiteRunner.java:437)
	at org.testng.SuiteRunner.privateRun(SuiteRunner.java:397)
	at org.testng.SuiteRunner.run(SuiteRunner.java:336)
	at org.testng.SuiteRunnerWorker.runSuite(SuiteRunnerWorker.java:52)
	at org.testng.SuiteRunnerWorker.run(SuiteRunnerWorker.java:95)
	at org.testng.TestNG.runSuitesSequentially(TestNG.java:1280)
	at org.testng.TestNG.runSuitesLocally(TestNG.java:1200)
	at org.testng.TestNG.runSuites(TestNG.java:1114)
	at org.testng.TestNG.run(TestNG.java:1082)
	at com.intellij.rt.testng.IDEARemoteTestNG.run(IDEARemoteTestNG.java:66)
	at com.intellij.rt.testng.RemoteTestNGStarter.main(RemoteTestNGStarter.java:105)
</textarea>
      
      </div>
                  </div>
                  <div class="step pass-bg">
                    <span>com.car.guide.practice.steps.Hooks.tearDown(io.cucumber.java.Scenario)</span>
      <div>Search the used car with model
          <div class="row mb-3"><div class="col-md-3">
<img data-featherlight='../screenshots/embedded1.png' src="../screenshots/embedded1.png">
    
    </div></div>
</div>
      <div>
      </div>
                  </div>
              </div>
            </div>
            <div class="card-body l1">
              <div class="card-header">
                <div class="card-title outline-child">
                  <div class="node" id="95"><span class="badge log fail-bg mr-2">Fail</span>Search the used car with model</div>
                    <div class="status-avatar float-right">
                      <i class="fa fa-paperclip"></i>
                    </div>
                </div>
              </div>
              <div class="card-body mt-3 ">
                  <div class="step pass-bg">
                    <span>Given I am on homepage</span>
      <div>
      </div>
                  </div>
                  <div class="step pass-bg">
                    <span>When I mouse hover on “buy+sell” tab</span>
      <div>
      </div>
                  </div>
                  <div class="step pass-bg">
                    <span>And I click ‘Used’ link</span>
      <div>
      </div>
                  </div>
                  <div class="step pass-bg">
                    <span>Then I navigate to ‘Used Cars For Sale’ page</span>
      <div>
      </div>
                  </div>
                  <div class="step pass-bg">
                    <span>And I select make 'Kia'</span>
      <div>
      </div>
                  </div>
                  <div class="step pass-bg">
                    <span>And I select model 'Carnival'</span>
      <div>
      </div>
                  </div>
                  <div class="step pass-bg">
                    <span>And I select location 'Any Location'</span>
      <div>
      </div>
                  </div>
                  <div class="step pass-bg">
                    <span>And I select price '$15,000'</span>
      <div>
      </div>
                  </div>
                  <div class="step pass-bg">
                    <span>And I click on Find My Next Car tab</span>
      <div>
      </div>
                  </div>
                  <div class="step fail-bg">
                    <span>Then I should see the make 'Kia' in results</span>
      <div>
        <textarea disabled class="code-block">io.cucumber.core.exception.CucumberException: Step [I should see the make {string} in results] is defined with 0 parameters at 'com.car.guide.practice.steps.BuySteps.iShouldSeeTheMakeMakeInResults()'.
However, the gherkin step has 1 arguments:
 * 'Kia'
Step text: I should see the make 'Kia' in results
	at io.cucumber.core.runner.PickleStepDefinitionMatch.arityMismatch(PickleStepDefinitionMatch.java:83)
	at io.cucumber.core.runner.PickleStepDefinitionMatch.runStep(PickleStepDefinitionMatch.java:42)
	at io.cucumber.core.runner.ExecutionMode$1.execute(ExecutionMode.java:10)
	at io.cucumber.core.runner.TestStep.executeStep(TestStep.java:84)
	at io.cucumber.core.runner.TestStep.run(TestStep.java:56)
	at io.cucumber.core.runner.PickleStepTestStep.run(PickleStepTestStep.java:51)
	at io.cucumber.core.runner.TestCase.run(TestCase.java:84)
	at io.cucumber.core.runner.Runner.runPickle(Runner.java:75)
	at io.cucumber.testng.TestNGCucumberRunner.lambda$runScenario$1(TestNGCucumberRunner.java:132)
	at io.cucumber.core.runtime.CucumberExecutionContext.lambda$runTestCase$5(CucumberExecutionContext.java:137)
	at io.cucumber.core.runtime.RethrowingThrowableCollector.executeAndThrow(RethrowingThrowableCollector.java:23)
	at io.cucumber.core.runtime.CucumberExecutionContext.runTestCase(CucumberExecutionContext.java:137)
	at io.cucumber.testng.TestNGCucumberRunner.runScenario(TestNGCucumberRunner.java:129)
	at io.cucumber.testng.AbstractTestNGCucumberTests.runScenario(AbstractTestNGCucumberTests.java:35)
	at java.base/jdk.internal.reflect.NativeMethodAccessorImpl.invoke0(Native Method)
	at java.base/jdk.internal.reflect.NativeMethodAccessorImpl.invoke(NativeMethodAccessorImpl.java:77)
	at java.base/jdk.internal.reflect.DelegatingMethodAccessorImpl.invoke(DelegatingMethodAccessorImpl.java:43)
	at java.base/java.lang.reflect.Method.invoke(Method.java:568)
	at org.testng.internal.invokers.MethodInvocationHelper.invokeMethod(MethodInvocationHelper.java:139)
	at org.testng.internal.invokers.TestInvoker.invokeMethod(TestInvoker.java:664)
	at org.testng.internal.invokers.TestInvoker.invokeTestMethod(TestInvoker.java:227)
	at org.testng.internal.invokers.MethodRunner.runInSequence(MethodRunner.java:50)
	at org.testng.internal.invokers.TestInvoker$MethodInvocationAgent.invoke(TestInvoker.java:957)
	at org.testng.internal.invokers.TestInvoker.invokeTestMethods(TestInvoker.java:200)
	at org.testng.internal.invokers.TestMethodWorker.invokeTestMethods(TestMethodWorker.java:148)
	at org.testng.internal.invokers.TestMethodWorker.run(TestMethodWorker.java:128)
	at java.base/java.util.ArrayList.forEach(ArrayList.java:1511)
	at org.testng.TestRunner.privateRun(TestRunner.java:848)
	at org.testng.TestRunner.run(TestRunner.java:621)
	at org.testng.SuiteRunner.runTest(SuiteRunner.java:443)
	at org.testng.SuiteRunner.runSequentially(SuiteRunner.java:437)
	at org.testng.SuiteRunner.privateRun(SuiteRunner.java:397)
	at org.testng.SuiteRunner.run(SuiteRunner.java:336)
	at org.testng.SuiteRunnerWorker.runSuite(SuiteRunnerWorker.java:52)
	at org.testng.SuiteRunnerWorker.run(SuiteRunnerWorker.java:95)
	at org.testng.TestNG.runSuitesSequentially(TestNG.java:1280)
	at org.testng.TestNG.runSuitesLocally(TestNG.java:1200)
	at org.testng.TestNG.runSuites(TestNG.java:1114)
	at org.testng.TestNG.run(TestNG.java:1082)
	at com.intellij.rt.testng.IDEARemoteTestNG.run(IDEARemoteTestNG.java:66)
	at com.intellij.rt.testng.RemoteTestNGStarter.main(RemoteTestNGStarter.java:105)
</textarea>
      
      </div>
                  </div>
                  <div class="step pass-bg">
                    <span>com.car.guide.practice.steps.Hooks.tearDown(io.cucumber.java.Scenario)</span>
      <div>Search the used car with model
          <div class="row mb-3"><div class="col-md-3">
<img data-featherlight='../screenshots/embedded2.png' src="../screenshots/embedded2.png">
    
    </div></div>
</div>
      <div>
      </div>
                  </div>
              </div>
            </div>
            <div class="card-body l1">
              <div class="card-header">
                <div class="card-title outline-child">
                  <div class="node" id="108"><span class="badge log fail-bg mr-2">Fail</span>Search the used car with model</div>
                    <div class="status-avatar float-right">
                      <i class="fa fa-paperclip"></i>
                    </div>
                </div>
              </div>
              <div class="card-body mt-3 ">
                  <div class="step pass-bg">
                    <span>Given I am on homepage</span>
      <div>
      </div>
                  </div>
                  <div class="step pass-bg">
                    <span>When I mouse hover on “buy+sell” tab</span>
      <div>
      </div>
                  </div>
                  <div class="step pass-bg">
                    <span>And I click ‘Used’ link</span>
      <div>
      </div>
                  </div>
                  <div class="step pass-bg">
                    <span>Then I navigate to ‘Used Cars For Sale’ page</span>
      <div>
      </div>
                  </div>
                  <div class="step pass-bg">
                    <span>And I select make 'Volkswagen'</span>
      <div>
      </div>
                  </div>
                  <div class="step pass-bg">
                    <span>And I select model 'Golf'</span>
      <div>
      </div>
                  </div>
                  <div class="step pass-bg">
                    <span>And I select location 'Any Location'</span>
      <div>
      </div>
                  </div>
                  <div class="step pass-bg">
                    <span>And I select price '$45,000'</span>
      <div>
      </div>
                  </div>
                  <div class="step pass-bg">
                    <span>And I click on Find My Next Car tab</span>
      <div>
      </div>
                  </div>
                  <div class="step fail-bg">
                    <span>Then I should see the make 'Volkswagen' in results</span>
      <div>
        <textarea disabled class="code-block">io.cucumber.core.exception.CucumberException: Step [I should see the make {string} in results] is defined with 0 parameters at 'com.car.guide.practice.steps.BuySteps.iShouldSeeTheMakeMakeInResults()'.
However, the gherkin step has 1 arguments:
 * 'Volkswagen'
Step text: I should see the make 'Volkswagen' in results
	at io.cucumber.core.runner.PickleStepDefinitionMatch.arityMismatch(PickleStepDefinitionMatch.java:83)
	at io.cucumber.core.runner.PickleStepDefinitionMatch.runStep(PickleStepDefinitionMatch.java:42)
	at io.cucumber.core.runner.ExecutionMode$1.execute(ExecutionMode.java:10)
	at io.cucumber.core.runner.TestStep.executeStep(TestStep.java:84)
	at io.cucumber.core.runner.TestStep.run(TestStep.java:56)
	at io.cucumber.core.runner.PickleStepTestStep.run(PickleStepTestStep.java:51)
	at io.cucumber.core.runner.TestCase.run(TestCase.java:84)
	at io.cucumber.core.runner.Runner.runPickle(Runner.java:75)
	at io.cucumber.testng.TestNGCucumberRunner.lambda$runScenario$1(TestNGCucumberRunner.java:132)
	at io.cucumber.core.runtime.CucumberExecutionContext.lambda$runTestCase$5(CucumberExecutionContext.java:137)
	at io.cucumber.core.runtime.RethrowingThrowableCollector.executeAndThrow(RethrowingThrowableCollector.java:23)
	at io.cucumber.core.runtime.CucumberExecutionContext.runTestCase(CucumberExecutionContext.java:137)
	at io.cucumber.testng.TestNGCucumberRunner.runScenario(TestNGCucumberRunner.java:129)
	at io.cucumber.testng.AbstractTestNGCucumberTests.runScenario(AbstractTestNGCucumberTests.java:35)
	at java.base/jdk.internal.reflect.NativeMethodAccessorImpl.invoke0(Native Method)
	at java.base/jdk.internal.reflect.NativeMethodAccessorImpl.invoke(NativeMethodAccessorImpl.java:77)
	at java.base/jdk.internal.reflect.DelegatingMethodAccessorImpl.invoke(DelegatingMethodAccessorImpl.java:43)
	at java.base/java.lang.reflect.Method.invoke(Method.java:568)
	at org.testng.internal.invokers.MethodInvocationHelper.invokeMethod(MethodInvocationHelper.java:139)
	at org.testng.internal.invokers.TestInvoker.invokeMethod(TestInvoker.java:664)
	at org.testng.internal.invokers.TestInvoker.invokeTestMethod(TestInvoker.java:227)
	at org.testng.internal.invokers.MethodRunner.runInSequence(MethodRunner.java:50)
	at org.testng.internal.invokers.TestInvoker$MethodInvocationAgent.invoke(TestInvoker.java:957)
	at org.testng.internal.invokers.TestInvoker.invokeTestMethods(TestInvoker.java:200)
	at org.testng.internal.invokers.TestMethodWorker.invokeTestMethods(TestMethodWorker.java:148)
	at org.testng.internal.invokers.TestMethodWorker.run(TestMethodWorker.java:128)
	at java.base/java.util.ArrayList.forEach(ArrayList.java:1511)
	at org.testng.TestRunner.privateRun(TestRunner.java:848)
	at org.testng.TestRunner.run(TestRunner.java:621)
	at org.testng.SuiteRunner.runTest(SuiteRunner.java:443)
	at org.testng.SuiteRunner.runSequentially(SuiteRunner.java:437)
	at org.testng.SuiteRunner.privateRun(SuiteRunner.java:397)
	at org.testng.SuiteRunner.run(SuiteRunner.java:336)
	at org.testng.SuiteRunnerWorker.runSuite(SuiteRunnerWorker.java:52)
	at org.testng.SuiteRunnerWorker.run(SuiteRunnerWorker.java:95)
	at org.testng.TestNG.runSuitesSequentially(TestNG.java:1280)
	at org.testng.TestNG.runSuitesLocally(TestNG.java:1200)
	at org.testng.TestNG.runSuites(TestNG.java:1114)
	at org.testng.TestNG.run(TestNG.java:1082)
	at com.intellij.rt.testng.IDEARemoteTestNG.run(IDEARemoteTestNG.java:66)
	at com.intellij.rt.testng.RemoteTestNGStarter.main(RemoteTestNGStarter.java:105)
</textarea>
      
      </div>
                  </div>
                  <div class="step pass-bg">
                    <span>com.car.guide.practice.steps.Hooks.tearDown(io.cucumber.java.Scenario)</span>
      <div>Search the used car with model
          <div class="row mb-3"><div class="col-md-3">
<img data-featherlight='../screenshots/embedded3.png' src="../screenshots/embedded3.png">
    
    </div></div>
</div>
      <div>
      </div>
                  </div>
              </div>
            </div>
            <div class="card-body l1">
              <div class="card-header">
                <div class="card-title outline-child">
                  <div class="node" id="121"><span class="badge log fail-bg mr-2">Fail</span>Search the used car with model</div>
                    <div class="status-avatar float-right">
                      <i class="fa fa-paperclip"></i>
                    </div>
                </div>
              </div>
              <div class="card-body mt-3 ">
                  <div class="step pass-bg">
                    <span>Given I am on homepage</span>
      <div>
      </div>
                  </div>
                  <div class="step pass-bg">
                    <span>When I mouse hover on “buy+sell” tab</span>
      <div>
      </div>
                  </div>
                  <div class="step pass-bg">
                    <span>And I click ‘Used’ link</span>
      <div>
      </div>
                  </div>
                  <div class="step pass-bg">
                    <span>Then I navigate to ‘Used Cars For Sale’ page</span>
      <div>
      </div>
                  </div>
                  <div class="step pass-bg">
                    <span>And I select make 'Volkswagen'</span>
      <div>
      </div>
                  </div>
                  <div class="step pass-bg">
                    <span>And I select model 'Golf'</span>
      <div>
      </div>
                  </div>
                  <div class="step pass-bg">
                    <span>And I select location 'Any Location'</span>
      <div>
      </div>
                  </div>
                  <div class="step pass-bg">
                    <span>And I select price '$60,000'</span>
      <div>
      </div>
                  </div>
                  <div class="step pass-bg">
                    <span>And I click on Find My Next Car tab</span>
      <div>
      </div>
                  </div>
                  <div class="step fail-bg">
                    <span>Then I should see the make 'Volkswagen' in results</span>
      <div>
        <textarea disabled class="code-block">io.cucumber.core.exception.CucumberException: Step [I should see the make {string} in results] is defined with 0 parameters at 'com.car.guide.practice.steps.BuySteps.iShouldSeeTheMakeMakeInResults()'.
However, the gherkin step has 1 arguments:
 * 'Volkswagen'
Step text: I should see the make 'Volkswagen' in results
	at io.cucumber.core.runner.PickleStepDefinitionMatch.arityMismatch(PickleStepDefinitionMatch.java:83)
	at io.cucumber.core.runner.PickleStepDefinitionMatch.runStep(PickleStepDefinitionMatch.java:42)
	at io.cucumber.core.runner.ExecutionMode$1.execute(ExecutionMode.java:10)
	at io.cucumber.core.runner.TestStep.executeStep(TestStep.java:84)
	at io.cucumber.core.runner.TestStep.run(TestStep.java:56)
	at io.cucumber.core.runner.PickleStepTestStep.run(PickleStepTestStep.java:51)
	at io.cucumber.core.runner.TestCase.run(TestCase.java:84)
	at io.cucumber.core.runner.Runner.runPickle(Runner.java:75)
	at io.cucumber.testng.TestNGCucumberRunner.lambda$runScenario$1(TestNGCucumberRunner.java:132)
	at io.cucumber.core.runtime.CucumberExecutionContext.lambda$runTestCase$5(CucumberExecutionContext.java:137)
	at io.cucumber.core.runtime.RethrowingThrowableCollector.executeAndThrow(RethrowingThrowableCollector.java:23)
	at io.cucumber.core.runtime.CucumberExecutionContext.runTestCase(CucumberExecutionContext.java:137)
	at io.cucumber.testng.TestNGCucumberRunner.runScenario(TestNGCucumberRunner.java:129)
	at io.cucumber.testng.AbstractTestNGCucumberTests.runScenario(AbstractTestNGCucumberTests.java:35)
	at java.base/jdk.internal.reflect.NativeMethodAccessorImpl.invoke0(Native Method)
	at java.base/jdk.internal.reflect.NativeMethodAccessorImpl.invoke(NativeMethodAccessorImpl.java:77)
	at java.base/jdk.internal.reflect.DelegatingMethodAccessorImpl.invoke(DelegatingMethodAccessorImpl.java:43)
	at java.base/java.lang.reflect.Method.invoke(Method.java:568)
	at org.testng.internal.invokers.MethodInvocationHelper.invokeMethod(MethodInvocationHelper.java:139)
	at org.testng.internal.invokers.TestInvoker.invokeMethod(TestInvoker.java:664)
	at org.testng.internal.invokers.TestInvoker.invokeTestMethod(TestInvoker.java:227)
	at org.testng.internal.invokers.MethodRunner.runInSequence(MethodRunner.java:50)
	at org.testng.internal.invokers.TestInvoker$MethodInvocationAgent.invoke(TestInvoker.java:957)
	at org.testng.internal.invokers.TestInvoker.invokeTestMethods(TestInvoker.java:200)
	at org.testng.internal.invokers.TestMethodWorker.invokeTestMethods(TestMethodWorker.java:148)
	at org.testng.internal.invokers.TestMethodWorker.run(TestMethodWorker.java:128)
	at java.base/java.util.ArrayList.forEach(ArrayList.java:1511)
	at org.testng.TestRunner.privateRun(TestRunner.java:848)
	at org.testng.TestRunner.run(TestRunner.java:621)
	at org.testng.SuiteRunner.runTest(SuiteRunner.java:443)
	at org.testng.SuiteRunner.runSequentially(SuiteRunner.java:437)
	at org.testng.SuiteRunner.privateRun(SuiteRunner.java:397)
	at org.testng.SuiteRunner.run(SuiteRunner.java:336)
	at org.testng.SuiteRunnerWorker.runSuite(SuiteRunnerWorker.java:52)
	at org.testng.SuiteRunnerWorker.run(SuiteRunnerWorker.java:95)
	at org.testng.TestNG.runSuitesSequentially(TestNG.java:1280)
	at org.testng.TestNG.runSuitesLocally(TestNG.java:1200)
	at org.testng.TestNG.runSuites(TestNG.java:1114)
	at org.testng.TestNG.run(TestNG.java:1082)
	at com.intellij.rt.testng.IDEARemoteTestNG.run(IDEARemoteTestNG.java:66)
	at com.intellij.rt.testng.RemoteTestNGStarter.main(RemoteTestNGStarter.java:105)
</textarea>
      
      </div>
                  </div>
                  <div class="step pass-bg">
                    <span>com.car.guide.practice.steps.Hooks.tearDown(io.cucumber.java.Scenario)</span>
      <div>Search the used car with model
          <div class="row mb-3"><div class="col-md-3">
<img data-featherlight='../screenshots/embedded4.png' src="../screenshots/embedded4.png">
    
    </div></div>
</div>
      <div>
      </div>
                  </div>
              </div>
            </div>
            <div class="card-body l1">
              <div class="card-header">
                <div class="card-title outline-child">
                  <div class="node" id="134"><span class="badge log fail-bg mr-2">Fail</span>Search the used car with model</div>
                    <div class="status-avatar float-right">
                      <i class="fa fa-paperclip"></i>
                    </div>
                </div>
              </div>
              <div class="card-body mt-3 ">
                  <div class="step pass-bg">
                    <span>Given I am on homepage</span>
      <div>
      </div>
                  </div>
                  <div class="step pass-bg">
                    <span>When I mouse hover on “buy+sell” tab</span>
      <div>
      </div>
                  </div>
                  <div class="step pass-bg">
                    <span>And I click ‘Used’ link</span>
      <div>
      </div>
                  </div>
                  <div class="step pass-bg">
                    <span>Then I navigate to ‘Used Cars For Sale’ page</span>
      <div>
      </div>
                  </div>
                  <div class="step pass-bg">
                    <span>And I select make 'Mini'</span>
      <div>
      </div>
                  </div>
                  <div class="step pass-bg">
                    <span>And I select model 'Hatch'</span>
      <div>
      </div>
                  </div>
                  <div class="step pass-bg">
                    <span>And I select location 'Any Location'</span>
      <div>
      </div>
                  </div>
                  <div class="step pass-bg">
                    <span>And I select price '$45,000'</span>
      <div>
      </div>
                  </div>
                  <div class="step pass-bg">
                    <span>And I click on Find My Next Car tab</span>
      <div>
      </div>
                  </div>
                  <div class="step fail-bg">
                    <span>Then I should see the make 'Mini' in results</span>
      <div>
        <textarea disabled class="code-block">io.cucumber.core.exception.CucumberException: Step [I should see the make {string} in results] is defined with 0 parameters at 'com.car.guide.practice.steps.BuySteps.iShouldSeeTheMakeMakeInResults()'.
However, the gherkin step has 1 arguments:
 * 'Mini'
Step text: I should see the make 'Mini' in results
	at io.cucumber.core.runner.PickleStepDefinitionMatch.arityMismatch(PickleStepDefinitionMatch.java:83)
	at io.cucumber.core.runner.PickleStepDefinitionMatch.runStep(PickleStepDefinitionMatch.java:42)
	at io.cucumber.core.runner.ExecutionMode$1.execute(ExecutionMode.java:10)
	at io.cucumber.core.runner.TestStep.executeStep(TestStep.java:84)
	at io.cucumber.core.runner.TestStep.run(TestStep.java:56)
	at io.cucumber.core.runner.PickleStepTestStep.run(PickleStepTestStep.java:51)
	at io.cucumber.core.runner.TestCase.run(TestCase.java:84)
	at io.cucumber.core.runner.Runner.runPickle(Runner.java:75)
	at io.cucumber.testng.TestNGCucumberRunner.lambda$runScenario$1(TestNGCucumberRunner.java:132)
	at io.cucumber.core.runtime.CucumberExecutionContext.lambda$runTestCase$5(CucumberExecutionContext.java:137)
	at io.cucumber.core.runtime.RethrowingThrowableCollector.executeAndThrow(RethrowingThrowableCollector.java:23)
	at io.cucumber.core.runtime.CucumberExecutionContext.runTestCase(CucumberExecutionContext.java:137)
	at io.cucumber.testng.TestNGCucumberRunner.runScenario(TestNGCucumberRunner.java:129)
	at io.cucumber.testng.AbstractTestNGCucumberTests.runScenario(AbstractTestNGCucumberTests.java:35)
	at java.base/jdk.internal.reflect.NativeMethodAccessorImpl.invoke0(Native Method)
	at java.base/jdk.internal.reflect.NativeMethodAccessorImpl.invoke(NativeMethodAccessorImpl.java:77)
	at java.base/jdk.internal.reflect.DelegatingMethodAccessorImpl.invoke(DelegatingMethodAccessorImpl.java:43)
	at java.base/java.lang.reflect.Method.invoke(Method.java:568)
	at org.testng.internal.invokers.MethodInvocationHelper.invokeMethod(MethodInvocationHelper.java:139)
	at org.testng.internal.invokers.TestInvoker.invokeMethod(TestInvoker.java:664)
	at org.testng.internal.invokers.TestInvoker.invokeTestMethod(TestInvoker.java:227)
	at org.testng.internal.invokers.MethodRunner.runInSequence(MethodRunner.java:50)
	at org.testng.internal.invokers.TestInvoker$MethodInvocationAgent.invoke(TestInvoker.java:957)
	at org.testng.internal.invokers.TestInvoker.invokeTestMethods(TestInvoker.java:200)
	at org.testng.internal.invokers.TestMethodWorker.invokeTestMethods(TestMethodWorker.java:148)
	at org.testng.internal.invokers.TestMethodWorker.run(TestMethodWorker.java:128)
	at java.base/java.util.ArrayList.forEach(ArrayList.java:1511)
	at org.testng.TestRunner.privateRun(TestRunner.java:848)
	at org.testng.TestRunner.run(TestRunner.java:621)
	at org.testng.SuiteRunner.runTest(SuiteRunner.java:443)
	at org.testng.SuiteRunner.runSequentially(SuiteRunner.java:437)
	at org.testng.SuiteRunner.privateRun(SuiteRunner.java:397)
	at org.testng.SuiteRunner.run(SuiteRunner.java:336)
	at org.testng.SuiteRunnerWorker.runSuite(SuiteRunnerWorker.java:52)
	at org.testng.SuiteRunnerWorker.run(SuiteRunnerWorker.java:95)
	at org.testng.TestNG.runSuitesSequentially(TestNG.java:1280)
	at org.testng.TestNG.runSuitesLocally(TestNG.java:1200)
	at org.testng.TestNG.runSuites(TestNG.java:1114)
	at org.testng.TestNG.run(TestNG.java:1082)
	at com.intellij.rt.testng.IDEARemoteTestNG.run(IDEARemoteTestNG.java:66)
	at com.intellij.rt.testng.RemoteTestNGStarter.main(RemoteTestNGStarter.java:105)
</textarea>
      
      </div>
                  </div>
                  <div class="step pass-bg">
                    <span>com.car.guide.practice.steps.Hooks.tearDown(io.cucumber.java.Scenario)</span>
      <div>Search the used car with model
          <div class="row mb-3"><div class="col-md-3">
<img data-featherlight='../screenshots/embedded5.png' src="../screenshots/embedded5.png">
    
    </div></div>
</div>
      <div>
      </div>
                  </div>
              </div>
            </div>
            <div class="card-body l1">
              <div class="card-header">
                <div class="card-title outline-child">
                  <div class="node" id="147"><span class="badge log fail-bg mr-2">Fail</span>Search the used car with model</div>
                    <div class="status-avatar float-right">
                      <i class="fa fa-paperclip"></i>
                    </div>
                </div>
              </div>
              <div class="card-body mt-3 ">
                  <div class="step pass-bg">
                    <span>Given I am on homepage</span>
      <div>
      </div>
                  </div>
                  <div class="step pass-bg">
                    <span>When I mouse hover on “buy+sell” tab</span>
      <div>
      </div>
                  </div>
                  <div class="step pass-bg">
                    <span>And I click ‘Used’ link</span>
      <div>
      </div>
                  </div>
                  <div class="step pass-bg">
                    <span>Then I navigate to ‘Used Cars For Sale’ page</span>
      <div>
      </div>
                  </div>
                  <div class="step pass-bg">
                    <span>And I select make 'BMW'</span>
      <div>
      </div>
                  </div>
                  <div class="step fail-bg">
                    <span>And I select model 'M135i'</span>
      <div>
        <textarea disabled class="code-block">org.openqa.selenium.NoSuchElementException: Cannot locate option with text: M135i
For documentation on this error, please visit: https://www.selenium.dev/documentation/webdriver/troubleshooting/errors#no-such-element-exception
Build info: version: '4.15.0', revision: '1d14b5521b'
System info: os.name: 'Windows 11', os.arch: 'amd64', os.version: '10.0', java.version: '17.0.8'
Driver info: driver.version: unknown
	at org.openqa.selenium.support.ui.Select.selectByVisibleText(Select.java:153)
	at com.car.guide.practice.utility.Utility.selectByVisibleTextFromDropDown(Utility.java:147)
	at com.car.guide.practice.pages.NewAndUsedCarSearchPage.selectModel(NewAndUsedCarSearchPage.java:37)
	at com.car.guide.practice.steps.BuySteps.iSelectModelModel(BuySteps.java:53)
	at ✽.I select model 'M135i'(file:///C:/Users/hansa/IdeaProjects/carsguide-wed-project/src/test/resources/features/buy.feature:30)
</textarea>
      
      </div>
                  </div>
                  <div class="step skip-bg">
                    <span>And I select location 'Any Location'</span>
      <div>Step skipped
      </div>
                  </div>
                  <div class="step skip-bg">
                    <span>And I select price '$90,000'</span>
      <div>Step skipped
      </div>
                  </div>
                  <div class="step skip-bg">
                    <span>And I click on Find My Next Car tab</span>
      <div>Step skipped
      </div>
                  </div>
                  <div class="step skip-bg">
                    <span>Then I should see the make 'BMW' in results</span>
      <div>Step skipped
      </div>
                  </div>
                  <div class="step pass-bg">
                    <span>com.car.guide.practice.steps.Hooks.tearDown(io.cucumber.java.Scenario)</span>
      <div>Search the used car with model
          <div class="row mb-3"><div class="col-md-3">
<img data-featherlight='../screenshots/embedded6.png' src="../screenshots/embedded6.png">
    
    </div></div>
</div>
      <div>
      </div>
                  </div>
              </div>
            </div>
        </div>
  </div>
</div>
          </div>
        </li>
        <li class="test-item"  status="fail" test-id="160"
          author=""
          tag=""
          device="">
          <div class="test-detail">
            <p class="name">Find the dealers and verify</p>
            <p class="text-sm">
              <span>17:24:07</span> / <span>00:00:10:184</span>
              <span class="badge fail-bg log float-right">Fail</span>
            </p>
          </div>
          <div class="test-contents d-none">
<div class="detail-head">
<div class="p-v-10">
<div class="info">
<h5 class="test-status text-fail">Find the dealers and verify</h5>
<span class='badge badge-success'>12.21.2023 17:24:07</span>
<span class='badge badge-danger'>12.21.2023 17:24:18</span>
<span class='badge badge-default'>00:00:10:184</span>
&middot; <span class='uri-anchor badge badge-default'>#test-id=160</span>
<span class='badge badge-default pointer float-right ml-1 et'><i class="fa fa-chevron-down"></i></span>
<span class='badge badge-default pointer float-right ct'><i class="fa fa-chevron-up"></i></span>
</div>
<div class="m-t-10 m-l-5"></div>
</div>
</div>
<div class="accordion mt-4">
  <div class="card">
    <div class="card-header" role="tab">
      <div class="card-title">
        <div class="node" id="161"><span class="badge log fail-bg mr-2">Fail</span>Find the dealers and verify the dealers are in list</div>
      </div>
    </div>
        <div class="">
          <div class="card-body">
              <div class="step pass-bg" title="com.car.guide.practice.steps.BuySteps.iAmOnHomepage()">
                <span>Given I am on homepage</span>
      <div>
      </div>
              </div>
              <div class="step pass-bg" title="com.car.guide.practice.steps.BuySteps.iMouseHoverOnBuySellTab()">
                <span>When I mouse hover on “buy+sell” tab</span>
      <div>
      </div>
              </div>
              <div class="step pass-bg" title="com.car.guide.practice.steps.FindDealersSteps.iClickFindADealer()">
                <span>And I click ‘Find a Dealer’</span>
      <div>
      </div>
              </div>
              <div class="step pass-bg" title="com.car.guide.practice.steps.FindDealersSteps.iNavigateToCarDealersPage()">
                <span>Then I navigate to ‘car-dealers’ page</span>
      <div>
      </div>
              </div>
              <div class="step fail-bg" >
                <span>And I should see the dealer names <dealersName> are display on page</span>
      <div><table class='markup-table table '><tr><td>dealersName</td></tr><tr><td>3 Point Motors Epping</td></tr><tr><td>4WD Specialist Group</td></tr><tr><td>5 Star Auto</td></tr><tr><td>A & M Car Sales Pty Ltd</td></tr><tr><td>A1 MOTORS COMPANY</td></tr><tr><td>ANDREA MOTORI SERVICE</td></tr><tr><td>Oxford Motors</td></tr></table>
      </div>
      <div>Step undefined
      </div>
              </div>
          </div>
        </div>
  </div>
</div>
          </div>
        </li>
      </ul>
    </div>
  </div>
<div class="test-content scrollable">
<div class="test-content-tools">
<ul><li><a class="back-to-test" href="#"><i class="fa fa-arrow-left"></i></a></li></ul>
</div>
<div class="test-content-detail"><div class="detail-body"></div></div>
</div></div>
<div class="test-wrapper row view category-view attributes-view">
<div class="test-list">
<div class="test-list-tools">
<ul class="tools pull-left"><li><a href=""><span class="font-size-14">Category</span></a></li></ul>
<ul class="tools text-right"><li><a href="#"><span class="badge badge-primary">2</span></a></li></ul>
</div>
<div class="test-list-wrapper scrollable">
<ul class="test-list-item">
<li class="test-item">
<div class="test-detail">
<span class="meta">
<span class='badge log badge-danger'>7</span>
</span>
<p class="name">@regression</p>
<p class="duration text-sm">7 tests</p>
</div>
<div class="test-contents d-none">
<div class="info">
<h4>@regression</h4>
<span status="fail" class='badge log badge-danger'>7 failed</span>
</div>
<table class='table table-sm mt-4'>
<thead>
<tr>
<th class="status-col">Status</th>
<th class="timestamp-col">Timestamp</th>
<th>TestName</th>
</tr>
</thead>
<tbody>
<tr class="tag-test-status" status="fail">
<td><span class="badge log fail-bg">Fail</span></td>
<td>17:19:42 pm</td>
<td>
<a href="#" class="linked" test-id='1' id='3'>Search the buy car with model</a>
<div class="">
<span class="badge badge-default">Search functionality.Search the buy car with model</span>
</div>
</td>
</tr>
<tr class="tag-test-status" status="fail">
<td><span class="badge log fail-bg">Fail</span></td>
<td>17:20:07 pm</td>
<td>
<a href="#" class="linked" test-id='1' id='16'>Search the buy car with model</a>
<div class="">
<span class="badge badge-default">Search functionality.Search the buy car with model</span>
</div>
</td>
</tr>
<tr class="tag-test-status" status="fail">
<td><span class="badge log fail-bg">Fail</span></td>
<td>17:20:23 pm</td>
<td>
<a href="#" class="linked" test-id='1' id='29'>Search the buy car with model</a>
<div class="">
<span class="badge badge-default">Search functionality.Search the buy car with model</span>
</div>
</td>
</tr>
<tr class="tag-test-status" status="fail">
<td><span class="badge log fail-bg">Fail</span></td>
<td>17:20:42 pm</td>
<td>
<a href="#" class="linked" test-id='1' id='42'>Search the buy car with model</a>
<div class="">
<span class="badge badge-default">Search functionality.Search the buy car with model</span>
</div>
</td>
</tr>
<tr class="tag-test-status" status="fail">
<td><span class="badge log fail-bg">Fail</span></td>
<td>17:21:16 pm</td>
<td>
<a href="#" class="linked" test-id='1' id='55'>Search the buy car with model</a>
<div class="">
<span class="badge badge-default">Search functionality.Search the buy car with model</span>
</div>
</td>
</tr>
<tr class="tag-test-status" status="fail">
<td><span class="badge log fail-bg">Fail</span></td>
<td>17:21:37 pm</td>
<td>
<a href="#" class="linked" test-id='1' id='68'>Search the buy car with model</a>
<div class="">
<span class="badge badge-default">Search functionality.Search the buy car with model</span>
</div>
</td>
</tr>
<tr class="tag-test-status" status="fail">
<td><span class="badge log fail-bg">Fail</span></td>
<td>17:24:07 pm</td>
<td>
<a href="#" class="linked" test-id='160' id='161'>Find the dealers and verify the dealers are in list</a>
<div class="">
<span class="badge badge-default">Find the dealers and verify.Find the dealers and verify the dealers are in list</span>
</div>
</td>
</tr>
</tbody>
</table>
</div>
</li>
<li class="test-item">
<div class="test-detail">
<span class="meta">
<span class='badge log badge-danger'>7</span>
</span>
<p class="name">@author_MKT</p>
<p class="duration text-sm">7 tests</p>
</div>
<div class="test-contents d-none">
<div class="info">
<h4>@author_MKT</h4>
<span status="fail" class='badge log badge-danger'>7 failed</span>
</div>
<table class='table table-sm mt-4'>
<thead>
<tr>
<th class="status-col">Status</th>
<th class="timestamp-col">Timestamp</th>
<th>TestName</th>
</tr>
</thead>
<tbody>
<tr class="tag-test-status" status="fail">
<td><span class="badge log fail-bg">Fail</span></td>
<td>17:19:42 pm</td>
<td>
<a href="#" class="linked" test-id='1' id='3'>Search the buy car with model</a>
<div class="">
<span class="badge badge-default">Search functionality.Search the buy car with model</span>
</div>
</td>
</tr>
<tr class="tag-test-status" status="fail">
<td><span class="badge log fail-bg">Fail</span></td>
<td>17:20:07 pm</td>
<td>
<a href="#" class="linked" test-id='1' id='16'>Search the buy car with model</a>
<div class="">
<span class="badge badge-default">Search functionality.Search the buy car with model</span>
</div>
</td>
</tr>
<tr class="tag-test-status" status="fail">
<td><span class="badge log fail-bg">Fail</span></td>
<td>17:20:23 pm</td>
<td>
<a href="#" class="linked" test-id='1' id='29'>Search the buy car with model</a>
<div class="">
<span class="badge badge-default">Search functionality.Search the buy car with model</span>
</div>
</td>
</tr>
<tr class="tag-test-status" status="fail">
<td><span class="badge log fail-bg">Fail</span></td>
<td>17:20:42 pm</td>
<td>
<a href="#" class="linked" test-id='1' id='42'>Search the buy car with model</a>
<div class="">
<span class="badge badge-default">Search functionality.Search the buy car with model</span>
</div>
</td>
</tr>
<tr class="tag-test-status" status="fail">
<td><span class="badge log fail-bg">Fail</span></td>
<td>17:21:16 pm</td>
<td>
<a href="#" class="linked" test-id='1' id='55'>Search the buy car with model</a>
<div class="">
<span class="badge badge-default">Search functionality.Search the buy car with model</span>
</div>
</td>
</tr>
<tr class="tag-test-status" status="fail">
<td><span class="badge log fail-bg">Fail</span></td>
<td>17:21:37 pm</td>
<td>
<a href="#" class="linked" test-id='1' id='68'>Search the buy car with model</a>
<div class="">
<span class="badge badge-default">Search functionality.Search the buy car with model</span>
</div>
</td>
</tr>
<tr class="tag-test-status" status="fail">
<td><span class="badge log fail-bg">Fail</span></td>
<td>17:24:07 pm</td>
<td>
<a href="#" class="linked" test-id='160' id='161'>Find the dealers and verify the dealers are in list</a>
<div class="">
<span class="badge badge-default">Find the dealers and verify.Find the dealers and verify the dealers are in list</span>
</div>
</td>
</tr>
</tbody>
</table>
</div>
</li>
</ul>
</div>
</div>
<div class="test-content scrollable">
<div class="test-content-detail">
<div class="detail-body"></div>
</div>
</div>
</div><div class="test-wrapper row view exception-view attributes-view">
<div class="test-list">
<div class="test-list-tools">
<ul class="tools pull-left"><li><a href=""><span class="font-size-14">Exception</span></a></li></ul>
<ul class="tools text-right"><li><a href="#"><span class="badge badge-primary">2</span></a></li></ul>
</div>
<div class="test-list-wrapper scrollable">
<ul class="test-list-item">
<li class="test-item">
<div class="test-detail">
<span class="meta">
<span class='badge log badge-danger'>5</span>
</span>
<p class="name">io.cucumber.core.exception.CucumberException</p>
<p class="duration text-sm">5 tests</p>
</div>
<div class="test-contents d-none">
<div class="info">
<h4>io.cucumber.core.exception.CucumberException</h4>
<span status="fail" class='badge log badge-danger'>5 failed</span>
</div>
<table class='table table-sm mt-4'>
<thead>
<tr>
<th class="status-col">Status</th>
<th class="timestamp-col">Timestamp</th>
<th>TestName</th>
</tr>
</thead>
<tbody>
<tr class="tag-test-status" status="fail">
<td><span class="badge log fail-bg">Fail</span></td>
<td>17:22:23 pm</td>
<td>
<a href="#" class="linked" test-id='1' id='93'>Then I should see the make 'Isuzu' in results</a>
<div class="">
<span class="badge badge-default">Search functionality.Search the used car with model.Then I should see the make 'Isuzu' in results</span>
</div>
</td>
</tr>
<tr class="tag-test-status" status="fail">
<td><span class="badge log fail-bg">Fail</span></td>
<td>17:22:41 pm</td>
<td>
<a href="#" class="linked" test-id='1' id='106'>Then I should see the make 'Kia' in results</a>
<div class="">
<span class="badge badge-default">Search functionality.Search the used car with model.Then I should see the make 'Kia' in results</span>
</div>
</td>
</tr>
<tr class="tag-test-status" status="fail">
<td><span class="badge log fail-bg">Fail</span></td>
<td>17:23:01 pm</td>
<td>
<a href="#" class="linked" test-id='1' id='119'>Then I should see the make 'Volkswagen' in results</a>
<div class="">
<span class="badge badge-default">Search functionality.Search the used car with model.Then I should see the make 'Volkswagen' in results</span>
</div>
</td>
</tr>
<tr class="tag-test-status" status="fail">
<td><span class="badge log fail-bg">Fail</span></td>
<td>17:23:22 pm</td>
<td>
<a href="#" class="linked" test-id='1' id='132'>Then I should see the make 'Volkswagen' in results</a>
<div class="">
<span class="badge badge-default">Search functionality.Search the used car with model.Then I should see the make 'Volkswagen' in results</span>
</div>
</td>
</tr>
<tr class="tag-test-status" status="fail">
<td><span class="badge log fail-bg">Fail</span></td>
<td>17:23:39 pm</td>
<td>
<a href="#" class="linked" test-id='1' id='145'>Then I should see the make 'Mini' in results</a>
<div class="">
<span class="badge badge-default">Search functionality.Search the used car with model.Then I should see the make 'Mini' in results</span>
</div>
</td>
</tr>
</tbody>
</table>
</div>
</li>
<li class="test-item">
<div class="test-detail">
<span class="meta">
<span class='badge log badge-danger'>1</span>
</span>
<p class="name">org.openqa.selenium.NoSuchElementException</p>
<p class="duration text-sm">1 tests</p>
</div>
<div class="test-contents d-none">
<div class="info">
<h4>org.openqa.selenium.NoSuchElementException</h4>
<span status="fail" class='badge log badge-danger'>1 failed</span>
</div>
<table class='table table-sm mt-4'>
<thead>
<tr>
<th class="status-col">Status</th>
<th class="timestamp-col">Timestamp</th>
<th>TestName</th>
</tr>
</thead>
<tbody>
<tr class="tag-test-status" status="fail">
<td><span class="badge log fail-bg">Fail</span></td>
<td>17:23:47 pm</td>
<td>
<a href="#" class="linked" test-id='1' id='154'>And I select model 'M135i'</a>
<div class="">
<span class="badge badge-default">Search functionality.Search the used car with model.And I select model 'M135i'</span>
</div>
</td>
</tr>
</tbody>
</table>
</div>
</li>
</ul>
</div>
</div>
<div class="test-content scrollable">
<div class="test-content-detail">
<div class="detail-body"></div>
</div>
</div>
</div>        </div>
      </div>
    </div>
  </div>
<script src="https://cdn.jsdelivr.net/gh/extent-framework/extent-github-cdn@d6562a79075e061305ccfdb82f01e5e195e2d307/spark/js/spark-script.js"></script>
<script type="text/javascript"></script></body>
</html>