

<!DOCTYPE html>
<html>
<head>
<meta charset="UTF-8">
<meta name="viewport" content="width=device-width, initial-scale=1, shrink-to-fit=no">
<title>Extent Report</title>
<link rel="apple-touch-icon" href="https://cdn.jsdelivr.net/gh/extent-framework/extent-github-cdn@b00a2d0486596e73dd7326beacf352c639623a0e/commons/img/logo.png">
<link rel="shortcut icon" href="https://cdn.jsdelivr.net/gh/extent-framework/extent-github-cdn@b00a2d0486596e73dd7326beacf352c639623a0e/commons/img/logo.png">
<link href="https://cdn.jsdelivr.net/gh/extent-framework/extent-github-cdn@d6562a79075e061305ccfdb82f01e5e195e2d307/spark/css/spark-style.css" rel="stylesheet" />
<link href="https://stackpath.bootstrapcdn.com/font-awesome/4.7.0/css/font-awesome.min.css" rel="stylesheet">
<script src="https://cdn.jsdelivr.net/gh/extent-framework/extent-github-cdn@7cc78ce/spark/js/jsontree.js"></script>
<style type="text/css"></style></head><body class="spa bdd-report dark">
  <div class="app">
    <div class="layout">
<div class="header navbar">
<div class="vheader">
<div class="nav-logo">
<a href="#">
<div class="logo" style="background-image: url('https://cdn.jsdelivr.net/gh/extent-framework/extent-github-cdn@b00a2d0486596e73dd7326beacf352c639623a0e/commons/img/logo.png')"></div>
</a>
</div>
<ul class="nav-left">
<li class="search-box">
<a class="search-toggle" href="#">
<i class="search-icon fa fa-search"></i>
<i class="search-icon-close fa fa-close"></i>
</a>
</li>
<li class="search-input"><input id="search-tests" class="form-control" type="text" placeholder="Search..."></li>
</ul>
<ul class="nav-right">
<li class="m-r-10">
<a href="#"><span class="badge badge-primary">Cars Guide Report</span></a>
</li>
<li class="m-r-10">
<a href="#"><span class="badge badge-primary">Dec 21, 2023 05:31:36 pm</span></a>
</li>
</ul>
</div>
</div><div class="side-nav">
<div class="side-nav-inner">
<ul class="side-nav-menu">
<li class="nav-item dropdown" onclick="toggleView('dashboard-view')">
<a id="nav-dashboard" class="dropdown-toggle" href="#">
<span class="ico"><i class="fa fa-bar-chart"></i></span>
</a>
</li>
<li class="nav-item dropdown" onclick="toggleView('test-view')">
<a id="nav-test" class="dropdown-toggle" href="#">
<span class="ico"><i class="fa fa-list"></i></span>
</a>
</li>
<li class="nav-item dropdown" onclick="toggleView('category-view')">
<a id="nav-category" class="dropdown-toggle" href="#">
<span class="ico"><i class="fa fa-tag"></i></span>
</a>
</li>
<li class="nav-item dropdown" onclick="toggleView('exception-view')">
<a id="nav-exception" class="dropdown-toggle" href="#">
<span class="ico"><i class="fa fa-bug"></i></span>
</a>
</li>
</ul>
</div>
</div>      <div class="vcontainer">
        <div class="main-content">
<div class="container-fluid p-4 view dashboard-view">
<div class="row">
<div class="col-md-3">
<div class="card"><div class="card-body">
<p class="m-b-0">Started</p>
<h3>Dec 21, 2023 05:31:36 pm</h3>
</div></div>
</div>
<div class="col-md-3">
<div class="card"><div class="card-body">
<p class="m-b-0">Ended</p>
<h3>Dec 21, 2023 05:34:56 pm</h3>
</div></div>
</div>
<div class="col-md-3">
<div class="card"><div class="card-body">
<p class="m-b-0 text-pass">Features Passed</p>
<h3>1</h3>
</div></div>
</div>
<div class="col-md-3">
<div class="card"><div class="card-body">
<p class="m-b-0 text-fail">Features Failed</p>
<h3>1</h3>
</div></div>
</div>
</div>
<div class="row">
<div class="col-md-4">
<div class="card">
<div class="card-header">
<h6 class="card-title">Features</h6>
</div>
<div class="card-body">
<div class="">
<canvas id='parent-analysis' width='115' height='90'></canvas>
</div>
</div>
<div class="card-footer">
<div><small data-tooltip='50%'>
<b>1</b> features passed
</small>
</div>
<div>
<small data-tooltip='50%'><b>1</b> features failed,
<b>0</b> skipped, <b data-tooltip='0%'>0</b> others
</small>
</div>
</div>
</div>
</div>
<div class="col-md-4">
<div class="card">
<div class="card-header">
<h6 class="card-title">Scenarios</h6>
</div>
<div class="card-body">
<div class="">
<canvas id='child-analysis' width='115' height='90'></canvas>
</div>
</div>
<div class="card-footer">
<div><small data-tooltip='36%'><b>7</b> scenarios passed</small></div>
<div>
<small data-tooltip='63%'><b>12</b> scenarios failed,
<b>0</b> skipped, <b data-tooltip='%'>0</b> others
</small>
</div>
</div>
</div>
</div>
<div class="col-md-4">
<div class="card">
<div class="card-header">
<h6 class="card-title">Steps</h6>
</div>
<div class="card-body">
<div class="">
<canvas id='grandchild-analysis' width='115' height='90'></canvas>
</div>
</div>
<div class="card-footer">
<div><small data-tooltip='83%'><b>140</b> steps passed</small></div>
<div>
<small data-tooltip='7%'><b>12</b> steps failed,
<b>15</b> skipped, <b data-tooltip='%'>0</b> others
</small>
</div>
</div>
</div>
</div>
</div>
<div class="row"><div class="col-md-12">
<div class="card"><div class="card-header"><p>Timeline</p></div>
<div class="card-body pt-0"><div>
<canvas id="timeline" height="120"></canvas>
</div></div>
</div>
</div></div>
<script>
var timeline = {
"Search functionality":143.103,"Find the dealers and verify":56.449
};
</script>
<div class="row">
<div class="col-lg-6 col-md-12 category-container">
<div class="card">
<div class="card-header"><p>Tags</p></div>
<div class="card-body pb-0 pt-0"><table class="table table-sm table-bordered">
<thead><tr class="bg-gray"><th>Name</th><th>Passed</th><th>Failed</th><th>Skipped</th><th>Others</th><th>Passed %</th></tr></thead><tbody>
<tr>
<td>@author_MKT</td>
<td>7</td>
<td>6</td>
<td>0</td>
<td>0</td>
<td>53.846%</td>
</tr>
<tr>
<td>@regression</td>
<td>7</td>
<td>6</td>
<td>0</td>
<td>0</td>
<td>53.846%</td>
</tr>
</tbody>
</table></div>
</div>
</div>
<div class="col-lg-6 col-md-12 sysenv-container">
<div class="card">
<div class="card-header"><p>System/Environment</p></div>
<div class="card-body pb-0 pt-0"><table class="table table-sm table-bordered">
<thead><tr class="bg-gray"><th>Name</th><th>Value</th></tr></thead>
<tbody>
<tr>
<td>Engineer</td>
<td>MKT</td>
</tr>
<tr>
<td>Project</td>
<td>Cars Guide</td>
</tr>
<tr>
<td>os</td>
<td>Windows</td>
</tr>
</tbody>
</table></div>
</div>
</div>
</div>
</div>
<script>
var statusGroup = {
parentCount: 5,
passParent: 1,
failParent: 1,
warningParent: 0,
skipParent: 0,
childCount: 5,
passChild: 7,
failChild: 12,
warningChild: 0,
skipChild: 0,
infoChild: 0,
grandChildCount: 5,
passGrandChild: 140,
failGrandChild: 12,
warningGrandChild: 0,
skipGrandChild: 15,
infoGrandChild: 0,
eventsCount: 5,
};
</script><div class="test-wrapper row view test-view">
  <div class="test-list">
    <div class="test-list-tools">
<ul class="tools pull-left">
<li><a href="#"><span class="font-size-14">Tests</span></a></li>
</ul>
<ul class="tools text-right">
<li class="dropdown">
<a href="#" class="dropdown-toggle" data-toggle="dropdown"><i class="fa fa-exclamation-circle"></i></a>
<ul id="status-toggle" class="dropdown-menu dropdown-md p-v-0">
<a class="dropdown-item" status="pass" href="#"><span>Pass</span><span class="status success"></span></a>
<a class="dropdown-item" status="fail" href="#"><span>Fail</span><span class="status danger"></span></a>
<div class="dropdown-divider"></div>
<a status="clear" class="dropdown-item" href="#"><span>Clear</span><span class="pull-right"><i class="fa fa-close"></i></span></a>
</ul>
</li>
<li class="dropdown">
<a href="#" class="dropdown-toggle" data-toggle="dropdown"><i class="fa fa-tag"></i></a>
<ul id="tag-toggle" class="dropdown-menu dropdown-md p-v-0">
<a class="dropdown-item" href="#">@author_MKT</a><a class="dropdown-item" href="#">@regression</a>
</ul>
</li>
</ul>
</div>    <div class="test-list-wrapper scrollable">
      <ul class="test-list-item">
        <li class="test-item"  status="fail" test-id="1"
          author=""
          tag=""
          device="">
          <div class="test-detail">
            <p class="name">Search functionality</p>
            <p class="text-sm">
              <span>17:31:36</span> / <span>00:02:23:103</span>
              <span class="badge fail-bg log float-right">Fail</span>
            </p>
          </div>
          <div class="test-contents d-none">
<div class="detail-head">
<div class="p-v-10">
<div class="info">
<h5 class="test-status text-fail">Search functionality</h5>
<span class='badge badge-success'>12.21.2023 17:31:36</span>
<span class='badge badge-danger'>12.21.2023 17:33:59</span>
<span class='badge badge-default'>00:02:23:103</span>
&middot; <span class='uri-anchor badge badge-default'>#test-id=1</span>
<span class='badge badge-default pointer float-right ml-1 et'><i class="fa fa-chevron-down"></i></span>
<span class='badge badge-default pointer float-right ct'><i class="fa fa-chevron-up"></i></span>
</div>
<div class="m-t-10 m-l-5"></div>
</div>
</div>
<div class="accordion mt-4">
  <div class="card">
    <div class="card-header" role="tab">
      <div class="card-title">
        <div class="node" id="2"><span class="badge log fail-bg mr-2">Fail</span>Search the buy car with model</div>
          <div class="status-avatar float-right mr-4">
            <i class="fa fa-paperclip"></i>
          </div>
      </div>
    </div>
        <div class="scenario_outline ">
            <div class="card-body l1">
              <div class="card-header">
                <div class="card-title outline-child">
                  <div class="node" id="3"><span class="badge log fail-bg mr-2">Fail</span>Search the buy car with model</div>
                    <div class="status-avatar float-right">
                      <i class="fa fa-paperclip"></i>
                    </div>
                </div>
              </div>
              <div class="card-body mt-3 ">
                  <div class="step pass-bg">
                    <span>Given I am on homepage</span>
      <div>
      </div>
                  </div>
                  <div class="step pass-bg">
                    <span>When I mouse hover on “buy+sell” tab</span>
      <div>
      </div>
                  </div>
                  <div class="step pass-bg">
                    <span>And I click ‘Search Cars’ link</span>
      <div>
      </div>
                  </div>
                  <div class="step pass-bg">
                    <span>Then I navigate to ‘new and used car search’ page</span>
      <div>
      </div>
                  </div>
                  <div class="step pass-bg">
                    <span>And I select make 'Nissan'</span>
      <div>
      </div>
                  </div>
                  <div class="step pass-bg">
                    <span>And I select model '180SX'</span>
      <div>
      </div>
                  </div>
                  <div class="step pass-bg">
                    <span>And I select location 'Any Location'</span>
      <div>
      </div>
                  </div>
                  <div class="step pass-bg">
                    <span>And I select price '$50,000'</span>
      <div>
      </div>
                  </div>
                  <div class="step fail-bg">
                    <span>And I click on Find My Next Car tab</span>
      <div>
        <textarea disabled class="code-block">org.openqa.selenium.ElementClickInterceptedException: element click intercepted: Element <input type="submit" value="Find My Next Car" id="search-submit" class="form-control btn btn-carsguide-red arrow-right"> is not clickable at point (274, 427). Other element would receive the click: <img src="https://carsguide-res.cloudinary.com/image/upload/f_auto,fl_lossy,q_auto,t_index_thumb_320/v1/editorial/segment_review/hero_image/2024-Mazda-CX-3-Evolve-1001x565.jpg" width="173" height="97" alt="guide review">
  (Session info: chrome=120.0.6099.129)
Build info: version: '4.15.0', revision: '1d14b5521b'
System info: os.name: 'Windows 11', os.arch: 'amd64', os.version: '10.0', java.version: '17.0.8'
Driver info: org.openqa.selenium.chrome.ChromeDriver
Command: [47a978277e90607e1ef4ead268286ccd, clickElement {id=3616F8D87F92377B3D53DD385AA27D22_element_84}]
Capabilities {acceptInsecureCerts: false, browserName: chrome, browserVersion: 120.0.6099.129, chrome: {chromedriverVersion: 120.0.6099.109 (3419140ab66..., userDataDir: C:\Users\hansa\AppData\Loca...}, fedcm:accounts: true, goog:chromeOptions: {debuggerAddress: localhost:58519}, networkConnectionEnabled: false, pageLoadStrategy: normal, platformName: windows, proxy: Proxy(), se:cdp: ws://localhost:58519/devtoo..., se:cdpVersion: 120.0.6099.129, setWindowRect: true, strictFileInteractability: false, timeouts: {implicit: 0, pageLoad: 300000, script: 30000}, unhandledPromptBehavior: dismiss and notify, webauthn:extension:credBlob: true, webauthn:extension:largeBlob: true, webauthn:extension:minPinLength: true, webauthn:extension:prf: true, webauthn:virtualAuthenticators: true}
Element: [[ChromeDriver: chrome on windows (47a978277e90607e1ef4ead268286ccd)] -> id: search-submit]
Session ID: 47a978277e90607e1ef4ead268286ccd
	at java.base/jdk.internal.reflect.NativeConstructorAccessorImpl.newInstance0(Native Method)
	at java.base/jdk.internal.reflect.NativeConstructorAccessorImpl.newInstance(NativeConstructorAccessorImpl.java:77)
	at java.base/jdk.internal.reflect.DelegatingConstructorAccessorImpl.newInstance(DelegatingConstructorAccessorImpl.java:45)
	at java.base/java.lang.reflect.Constructor.newInstanceWithCaller(Constructor.java:499)
	at java.base/java.lang.reflect.Constructor.newInstance(Constructor.java:480)
	at org.openqa.selenium.remote.codec.w3c.W3CHttpResponseCodec.createException(W3CHttpResponseCodec.java:200)
	at org.openqa.selenium.remote.codec.w3c.W3CHttpResponseCodec.decode(W3CHttpResponseCodec.java:133)
	at org.openqa.selenium.remote.codec.w3c.W3CHttpResponseCodec.decode(W3CHttpResponseCodec.java:52)
	at org.openqa.selenium.remote.HttpCommandExecutor.execute(HttpCommandExecutor.java:191)
	at org.openqa.selenium.remote.service.DriverCommandExecutor.invokeExecute(DriverCommandExecutor.java:200)
	at org.openqa.selenium.remote.service.DriverCommandExecutor.execute(DriverCommandExecutor.java:175)
	at org.openqa.selenium.remote.RemoteWebDriver.execute(RemoteWebDriver.java:607)
	at org.openqa.selenium.remote.RemoteWebElement.execute(RemoteWebElement.java:224)
	at org.openqa.selenium.remote.RemoteWebElement.click(RemoteWebElement.java:77)
	at java.base/jdk.internal.reflect.NativeMethodAccessorImpl.invoke0(Native Method)
	at java.base/jdk.internal.reflect.NativeMethodAccessorImpl.invoke(NativeMethodAccessorImpl.java:77)
	at java.base/jdk.internal.reflect.DelegatingMethodAccessorImpl.invoke(DelegatingMethodAccessorImpl.java:43)
	at java.base/java.lang.reflect.Method.invoke(Method.java:568)
	at org.openqa.selenium.support.pagefactory.internal.LocatingElementHandler.invoke(LocatingElementHandler.java:51)
	at jdk.proxy2/jdk.proxy2.$Proxy29.click(Unknown Source)
	at com.car.guide.practice.utility.Utility.clickOnElement(Utility.java:52)
	at com.car.guide.practice.pages.NewAndUsedCarSearchPage.clickOnFindMyNextCarTab(NewAndUsedCarSearchPage.java:46)
	at com.car.guide.practice.steps.BuySteps.iClickOnFindMyNextCarTab(BuySteps.java:34)
	at ✽.I click on Find My Next Car tab(file:///C:/Users/hansa/IdeaProjects/carsguide-wed-project/src/test/resources/features/buy.feature:12)
</textarea>
      
      </div>
                  </div>
                  <div class="step skip-bg">
                    <span>Then I should see the make 'Nissan' in results</span>
      <div>Step skipped
      </div>
                  </div>
                  <div class="step pass-bg">
                    <span>com.car.guide.practice.steps.Hooks.tearDown(io.cucumber.java.Scenario)</span>
      <div>Search the buy car with model
          <div class="row mb-3"><div class="col-md-3">
<img data-featherlight='../screenshots/embedded1.png' src="../screenshots/embedded1.png">
    
    </div></div>
</div>
      <div>
      </div>
                  </div>
              </div>
            </div>
            <div class="card-body l1">
              <div class="card-header">
                <div class="card-title outline-child">
                  <div class="node" id="16"><span class="badge log fail-bg mr-2">Fail</span>Search the buy car with model</div>
                    <div class="status-avatar float-right">
                      <i class="fa fa-paperclip"></i>
                    </div>
                </div>
              </div>
              <div class="card-body mt-3 ">
                  <div class="step pass-bg">
                    <span>Given I am on homepage</span>
      <div>
      </div>
                  </div>
                  <div class="step pass-bg">
                    <span>When I mouse hover on “buy+sell” tab</span>
      <div>
      </div>
                  </div>
                  <div class="step pass-bg">
                    <span>And I click ‘Search Cars’ link</span>
      <div>
      </div>
                  </div>
                  <div class="step pass-bg">
                    <span>Then I navigate to ‘new and used car search’ page</span>
      <div>
      </div>
                  </div>
                  <div class="step pass-bg">
                    <span>And I select make 'BMW'</span>
      <div>
      </div>
                  </div>
                  <div class="step pass-bg">
                    <span>And I select model '1 Series'</span>
      <div>
      </div>
                  </div>
                  <div class="step pass-bg">
                    <span>And I select location 'Any Location'</span>
      <div>
      </div>
                  </div>
                  <div class="step pass-bg">
                    <span>And I select price '$2,000'</span>
      <div>
      </div>
                  </div>
                  <div class="step fail-bg">
                    <span>And I click on Find My Next Car tab</span>
      <div>
        <textarea disabled class="code-block">org.openqa.selenium.ElementClickInterceptedException: element click intercepted: Element <input type="submit" value="Find My Next Car" id="search-submit" class="form-control btn btn-carsguide-red arrow-right"> is not clickable at point (274, 427). Other element would receive the click: <img src="https://carsguide-res.cloudinary.com/image/upload/f_auto,fl_lossy,q_auto,t_index_thumb_320/v1/editorial/segment_review/hero_image/2024-Mazda-CX-3-Evolve-1001x565.jpg" width="173" height="97" alt="guide review">
  (Session info: chrome=120.0.6099.129)
Build info: version: '4.15.0', revision: '1d14b5521b'
System info: os.name: 'Windows 11', os.arch: 'amd64', os.version: '10.0', java.version: '17.0.8'
Driver info: org.openqa.selenium.chrome.ChromeDriver
Command: [566e1107450ae81a45fae9ed5308f1ea, clickElement {id=7CE02A14D642655ADB3C528BF7291C70_element_90}]
Capabilities {acceptInsecureCerts: false, browserName: chrome, browserVersion: 120.0.6099.129, chrome: {chromedriverVersion: 120.0.6099.109 (3419140ab66..., userDataDir: C:\Users\hansa\AppData\Loca...}, fedcm:accounts: true, goog:chromeOptions: {debuggerAddress: localhost:58804}, networkConnectionEnabled: false, pageLoadStrategy: normal, platformName: windows, proxy: Proxy(), se:cdp: ws://localhost:58804/devtoo..., se:cdpVersion: 120.0.6099.129, setWindowRect: true, strictFileInteractability: false, timeouts: {implicit: 0, pageLoad: 300000, script: 30000}, unhandledPromptBehavior: dismiss and notify, webauthn:extension:credBlob: true, webauthn:extension:largeBlob: true, webauthn:extension:minPinLength: true, webauthn:extension:prf: true, webauthn:virtualAuthenticators: true}
Element: [[ChromeDriver: chrome on windows (566e1107450ae81a45fae9ed5308f1ea)] -> id: search-submit]
Session ID: 566e1107450ae81a45fae9ed5308f1ea
	at java.base/jdk.internal.reflect.NativeConstructorAccessorImpl.newInstance0(Native Method)
	at java.base/jdk.internal.reflect.NativeConstructorAccessorImpl.newInstance(NativeConstructorAccessorImpl.java:77)
	at java.base/jdk.internal.reflect.DelegatingConstructorAccessorImpl.newInstance(DelegatingConstructorAccessorImpl.java:45)
	at java.base/java.lang.reflect.Constructor.newInstanceWithCaller(Constructor.java:499)
	at java.base/java.lang.reflect.Constructor.newInstance(Constructor.java:480)
	at org.openqa.selenium.remote.codec.w3c.W3CHttpResponseCodec.createException(W3CHttpResponseCodec.java:200)
	at org.openqa.selenium.remote.codec.w3c.W3CHttpResponseCodec.decode(W3CHttpResponseCodec.java:133)
	at org.openqa.selenium.remote.codec.w3c.W3CHttpResponseCodec.decode(W3CHttpResponseCodec.java:52)
	at org.openqa.selenium.remote.HttpCommandExecutor.execute(HttpCommandExecutor.java:191)
	at org.openqa.selenium.remote.service.DriverCommandExecutor.invokeExecute(DriverCommandExecutor.java:200)
	at org.openqa.selenium.remote.service.DriverCommandExecutor.execute(DriverCommandExecutor.java:175)
	at org.openqa.selenium.remote.RemoteWebDriver.execute(RemoteWebDriver.java:607)
	at org.openqa.selenium.remote.RemoteWebElement.execute(RemoteWebElement.java:224)
	at org.openqa.selenium.remote.RemoteWebElement.click(RemoteWebElement.java:77)
	at java.base/jdk.internal.reflect.NativeMethodAccessorImpl.invoke0(Native Method)
	at java.base/jdk.internal.reflect.NativeMethodAccessorImpl.invoke(NativeMethodAccessorImpl.java:77)
	at java.base/jdk.internal.reflect.DelegatingMethodAccessorImpl.invoke(DelegatingMethodAccessorImpl.java:43)
	at java.base/java.lang.reflect.Method.invoke(Method.java:568)
	at org.openqa.selenium.support.pagefactory.internal.LocatingElementHandler.invoke(LocatingElementHandler.java:51)
	at jdk.proxy2/jdk.proxy2.$Proxy29.click(Unknown Source)
	at com.car.guide.practice.utility.Utility.clickOnElement(Utility.java:52)
	at com.car.guide.practice.pages.NewAndUsedCarSearchPage.clickOnFindMyNextCarTab(NewAndUsedCarSearchPage.java:46)
	at com.car.guide.practice.steps.BuySteps.iClickOnFindMyNextCarTab(BuySteps.java:34)
	at ✽.I click on Find My Next Car tab(file:///C:/Users/hansa/IdeaProjects/carsguide-wed-project/src/test/resources/features/buy.feature:12)
</textarea>
      
      </div>
                  </div>
                  <div class="step skip-bg">
                    <span>Then I should see the make 'BMW' in results</span>
      <div>Step skipped
      </div>
                  </div>
                  <div class="step pass-bg">
                    <span>com.car.guide.practice.steps.Hooks.tearDown(io.cucumber.java.Scenario)</span>
      <div>Search the buy car with model
          <div class="row mb-3"><div class="col-md-3">
<img data-featherlight='../screenshots/embedded2.png' src="../screenshots/embedded2.png">
    
    </div></div>
</div>
      <div>
      </div>
                  </div>
              </div>
            </div>
            <div class="card-body l1">
              <div class="card-header">
                <div class="card-title outline-child">
                  <div class="node" id="29"><span class="badge log fail-bg mr-2">Fail</span>Search the buy car with model</div>
                    <div class="status-avatar float-right">
                      <i class="fa fa-paperclip"></i>
                    </div>
                </div>
              </div>
              <div class="card-body mt-3 ">
                  <div class="step pass-bg">
                    <span>Given I am on homepage</span>
      <div>
      </div>
                  </div>
                  <div class="step pass-bg">
                    <span>When I mouse hover on “buy+sell” tab</span>
      <div>
      </div>
                  </div>
                  <div class="step pass-bg">
                    <span>And I click ‘Search Cars’ link</span>
      <div>
      </div>
                  </div>
                  <div class="step pass-bg">
                    <span>Then I navigate to ‘new and used car search’ page</span>
      <div>
      </div>
                  </div>
                  <div class="step pass-bg">
                    <span>And I select make 'Suzuki'</span>
      <div>
      </div>
                  </div>
                  <div class="step pass-bg">
                    <span>And I select model 'Baleno'</span>
      <div>
      </div>
                  </div>
                  <div class="step pass-bg">
                    <span>And I select location 'Any Location'</span>
      <div>
      </div>
                  </div>
                  <div class="step pass-bg">
                    <span>And I select price '$35,000'</span>
      <div>
      </div>
                  </div>
                  <div class="step fail-bg">
                    <span>And I click on Find My Next Car tab</span>
      <div>
        <textarea disabled class="code-block">org.openqa.selenium.ElementClickInterceptedException: element click intercepted: Element <input type="submit" value="Find My Next Car" id="search-submit" class="form-control btn btn-carsguide-red arrow-right"> is not clickable at point (274, 427). Other element would receive the click: <img src="https://carsguide-res.cloudinary.com/image/upload/f_auto,fl_lossy,q_auto,t_index_thumb_320/v1/editorial/segment_review/hero_image/2024-Mazda-CX-3-Evolve-1001x565.jpg" width="173" height="97" alt="guide review">
  (Session info: chrome=120.0.6099.129)
Build info: version: '4.15.0', revision: '1d14b5521b'
System info: os.name: 'Windows 11', os.arch: 'amd64', os.version: '10.0', java.version: '17.0.8'
Driver info: org.openqa.selenium.chrome.ChromeDriver
Command: [f476eaa97d961680fe47224970165061, clickElement {id=C6E5E129A566145CEFAFE42DB22636EB_element_82}]
Capabilities {acceptInsecureCerts: false, browserName: chrome, browserVersion: 120.0.6099.129, chrome: {chromedriverVersion: 120.0.6099.109 (3419140ab66..., userDataDir: C:\Users\hansa\AppData\Loca...}, fedcm:accounts: true, goog:chromeOptions: {debuggerAddress: localhost:58976}, networkConnectionEnabled: false, pageLoadStrategy: normal, platformName: windows, proxy: Proxy(), se:cdp: ws://localhost:58976/devtoo..., se:cdpVersion: 120.0.6099.129, setWindowRect: true, strictFileInteractability: false, timeouts: {implicit: 0, pageLoad: 300000, script: 30000}, unhandledPromptBehavior: dismiss and notify, webauthn:extension:credBlob: true, webauthn:extension:largeBlob: true, webauthn:extension:minPinLength: true, webauthn:extension:prf: true, webauthn:virtualAuthenticators: true}
Element: [[ChromeDriver: chrome on windows (f476eaa97d961680fe47224970165061)] -> id: search-submit]
Session ID: f476eaa97d961680fe47224970165061
	at java.base/jdk.internal.reflect.NativeConstructorAccessorImpl.newInstance0(Native Method)
	at java.base/jdk.internal.reflect.NativeConstructorAccessorImpl.newInstance(NativeConstructorAccessorImpl.java:77)
	at java.base/jdk.internal.reflect.DelegatingConstructorAccessorImpl.newInstance(DelegatingConstructorAccessorImpl.java:45)
	at java.base/java.lang.reflect.Constructor.newInstanceWithCaller(Constructor.java:499)
	at java.base/java.lang.reflect.Constructor.newInstance(Constructor.java:480)
	at org.openqa.selenium.remote.codec.w3c.W3CHttpResponseCodec.createException(W3CHttpResponseCodec.java:200)
	at org.openqa.selenium.remote.codec.w3c.W3CHttpResponseCodec.decode(W3CHttpResponseCodec.java:133)
	at org.openqa.selenium.remote.codec.w3c.W3CHttpResponseCodec.decode(W3CHttpResponseCodec.java:52)
	at org.openqa.selenium.remote.HttpCommandExecutor.execute(HttpCommandExecutor.java:191)
	at org.openqa.selenium.remote.service.DriverCommandExecutor.invokeExecute(DriverCommandExecutor.java:200)
	at org.openqa.selenium.remote.service.DriverCommandExecutor.execute(DriverCommandExecutor.java:175)
	at org.openqa.selenium.remote.RemoteWebDriver.execute(RemoteWebDriver.java:607)
	at org.openqa.selenium.remote.RemoteWebElement.execute(RemoteWebElement.java:224)
	at org.openqa.selenium.remote.RemoteWebElement.click(RemoteWebElement.java:77)
	at java.base/jdk.internal.reflect.NativeMethodAccessorImpl.invoke0(Native Method)
	at java.base/jdk.internal.reflect.NativeMethodAccessorImpl.invoke(NativeMethodAccessorImpl.java:77)
	at java.base/jdk.internal.reflect.DelegatingMethodAccessorImpl.invoke(DelegatingMethodAccessorImpl.java:43)
	at java.base/java.lang.reflect.Method.invoke(Method.java:568)
	at org.openqa.selenium.support.pagefactory.internal.LocatingElementHandler.invoke(LocatingElementHandler.java:51)
	at jdk.proxy2/jdk.proxy2.$Proxy29.click(Unknown Source)
	at com.car.guide.practice.utility.Utility.clickOnElement(Utility.java:52)
	at com.car.guide.practice.pages.NewAndUsedCarSearchPage.clickOnFindMyNextCarTab(NewAndUsedCarSearchPage.java:46)
	at com.car.guide.practice.steps.BuySteps.iClickOnFindMyNextCarTab(BuySteps.java:34)
	at ✽.I click on Find My Next Car tab(file:///C:/Users/hansa/IdeaProjects/carsguide-wed-project/src/test/resources/features/buy.feature:12)
</textarea>
      
      </div>
                  </div>
                  <div class="step skip-bg">
                    <span>Then I should see the make 'Suzuki' in results</span>
      <div>Step skipped
      </div>
                  </div>
                  <div class="step pass-bg">
                    <span>com.car.guide.practice.steps.Hooks.tearDown(io.cucumber.java.Scenario)</span>
      <div>Search the buy car with model
          <div class="row mb-3"><div class="col-md-3">
<img data-featherlight='../screenshots/embedded3.png' src="../screenshots/embedded3.png">
    
    </div></div>
</div>
      <div>
      </div>
                  </div>
              </div>
            </div>
            <div class="card-body l1">
              <div class="card-header">
                <div class="card-title outline-child">
                  <div class="node" id="42"><span class="badge log fail-bg mr-2">Fail</span>Search the buy car with model</div>
                    <div class="status-avatar float-right">
                      <i class="fa fa-paperclip"></i>
                    </div>
                </div>
              </div>
              <div class="card-body mt-3 ">
                  <div class="step pass-bg">
                    <span>Given I am on homepage</span>
      <div>
      </div>
                  </div>
                  <div class="step pass-bg">
                    <span>When I mouse hover on “buy+sell” tab</span>
      <div>
      </div>
                  </div>
                  <div class="step pass-bg">
                    <span>And I click ‘Search Cars’ link</span>
      <div>
      </div>
                  </div>
                  <div class="step pass-bg">
                    <span>Then I navigate to ‘new and used car search’ page</span>
      <div>
      </div>
                  </div>
                  <div class="step pass-bg">
                    <span>And I select make 'Subaru'</span>
      <div>
      </div>
                  </div>
                  <div class="step pass-bg">
                    <span>And I select model 'Sambar'</span>
      <div>
      </div>
                  </div>
                  <div class="step pass-bg">
                    <span>And I select location 'Any Location'</span>
      <div>
      </div>
                  </div>
                  <div class="step pass-bg">
                    <span>And I select price '$35,000'</span>
      <div>
      </div>
                  </div>
                  <div class="step fail-bg">
                    <span>And I click on Find My Next Car tab</span>
      <div>
        <textarea disabled class="code-block">org.openqa.selenium.ElementClickInterceptedException: element click intercepted: Element <input type="submit" value="Find My Next Car" id="search-submit" class="form-control btn btn-carsguide-red arrow-right"> is not clickable at point (274, 427). Other element would receive the click: <img src="https://carsguide-res.cloudinary.com/image/upload/f_auto,fl_lossy,q_auto,t_index_thumb_320/v1/editorial/segment_review/hero_image/2024-Mazda-CX-3-Evolve-1001x565.jpg" width="173" height="97" alt="guide review">
  (Session info: chrome=120.0.6099.129)
Build info: version: '4.15.0', revision: '1d14b5521b'
System info: os.name: 'Windows 11', os.arch: 'amd64', os.version: '10.0', java.version: '17.0.8'
Driver info: org.openqa.selenium.chrome.ChromeDriver
Command: [893906187c820a772c96ce3fe8ee2650, clickElement {id=B4178BF47C9250B7C9E62BF03874BD07_element_84}]
Capabilities {acceptInsecureCerts: false, browserName: chrome, browserVersion: 120.0.6099.129, chrome: {chromedriverVersion: 120.0.6099.109 (3419140ab66..., userDataDir: C:\Users\hansa\AppData\Loca...}, fedcm:accounts: true, goog:chromeOptions: {debuggerAddress: localhost:59190}, networkConnectionEnabled: false, pageLoadStrategy: normal, platformName: windows, proxy: Proxy(), se:cdp: ws://localhost:59190/devtoo..., se:cdpVersion: 120.0.6099.129, setWindowRect: true, strictFileInteractability: false, timeouts: {implicit: 0, pageLoad: 300000, script: 30000}, unhandledPromptBehavior: dismiss and notify, webauthn:extension:credBlob: true, webauthn:extension:largeBlob: true, webauthn:extension:minPinLength: true, webauthn:extension:prf: true, webauthn:virtualAuthenticators: true}
Element: [[ChromeDriver: chrome on windows (893906187c820a772c96ce3fe8ee2650)] -> id: search-submit]
Session ID: 893906187c820a772c96ce3fe8ee2650
	at java.base/jdk.internal.reflect.NativeConstructorAccessorImpl.newInstance0(Native Method)
	at java.base/jdk.internal.reflect.NativeConstructorAccessorImpl.newInstance(NativeConstructorAccessorImpl.java:77)
	at java.base/jdk.internal.reflect.DelegatingConstructorAccessorImpl.newInstance(DelegatingConstructorAccessorImpl.java:45)
	at java.base/java.lang.reflect.Constructor.newInstanceWithCaller(Constructor.java:499)
	at java.base/java.lang.reflect.Constructor.newInstance(Constructor.java:480)
	at org.openqa.selenium.remote.codec.w3c.W3CHttpResponseCodec.createException(W3CHttpResponseCodec.java:200)
	at org.openqa.selenium.remote.codec.w3c.W3CHttpResponseCodec.decode(W3CHttpResponseCodec.java:133)
	at org.openqa.selenium.remote.codec.w3c.W3CHttpResponseCodec.decode(W3CHttpResponseCodec.java:52)
	at org.openqa.selenium.remote.HttpCommandExecutor.execute(HttpCommandExecutor.java:191)
	at org.openqa.selenium.remote.service.DriverCommandExecutor.invokeExecute(DriverCommandExecutor.java:200)
	at org.openqa.selenium.remote.service.DriverCommandExecutor.execute(DriverCommandExecutor.java:175)
	at org.openqa.selenium.remote.RemoteWebDriver.execute(RemoteWebDriver.java:607)
	at org.openqa.selenium.remote.RemoteWebElement.execute(RemoteWebElement.java:224)
	at org.openqa.selenium.remote.RemoteWebElement.click(RemoteWebElement.java:77)
	at java.base/jdk.internal.reflect.NativeMethodAccessorImpl.invoke0(Native Method)
	at java.base/jdk.internal.reflect.NativeMethodAccessorImpl.invoke(NativeMethodAccessorImpl.java:77)
	at java.base/jdk.internal.reflect.DelegatingMethodAccessorImpl.invoke(DelegatingMethodAccessorImpl.java:43)
	at java.base/java.lang.reflect.Method.invoke(Method.java:568)
	at org.openqa.selenium.support.pagefactory.internal.LocatingElementHandler.invoke(LocatingElementHandler.java:51)
	at jdk.proxy2/jdk.proxy2.$Proxy29.click(Unknown Source)
	at com.car.guide.practice.utility.Utility.clickOnElement(Utility.java:52)
	at com.car.guide.practice.pages.NewAndUsedCarSearchPage.clickOnFindMyNextCarTab(NewAndUsedCarSearchPage.java:46)
	at com.car.guide.practice.steps.BuySteps.iClickOnFindMyNextCarTab(BuySteps.java:34)
	at ✽.I click on Find My Next Car tab(file:///C:/Users/hansa/IdeaProjects/carsguide-wed-project/src/test/resources/features/buy.feature:12)
</textarea>
      
      </div>
                  </div>
                  <div class="step skip-bg">
                    <span>Then I should see the make 'Subaru' in results</span>
      <div>Step skipped
      </div>
                  </div>
                  <div class="step pass-bg">
                    <span>com.car.guide.practice.steps.Hooks.tearDown(io.cucumber.java.Scenario)</span>
      <div>Search the buy car with model
          <div class="row mb-3"><div class="col-md-3">
<img data-featherlight='../screenshots/embedded4.png' src="../screenshots/embedded4.png">
    
    </div></div>
</div>
      <div>
      </div>
                  </div>
              </div>
            </div>
            <div class="card-body l1">
              <div class="card-header">
                <div class="card-title outline-child">
                  <div class="node" id="55"><span class="badge log fail-bg mr-2">Fail</span>Search the buy car with model</div>
                    <div class="status-avatar float-right">
                      <i class="fa fa-paperclip"></i>
                    </div>
                </div>
              </div>
              <div class="card-body mt-3 ">
                  <div class="step pass-bg">
                    <span>Given I am on homepage</span>
      <div>
      </div>
                  </div>
                  <div class="step pass-bg">
                    <span>When I mouse hover on “buy+sell” tab</span>
      <div>
      </div>
                  </div>
                  <div class="step pass-bg">
                    <span>And I click ‘Search Cars’ link</span>
      <div>
      </div>
                  </div>
                  <div class="step pass-bg">
                    <span>Then I navigate to ‘new and used car search’ page</span>
      <div>
      </div>
                  </div>
                  <div class="step pass-bg">
                    <span>And I select make 'Cadillac'</span>
      <div>
      </div>
                  </div>
                  <div class="step pass-bg">
                    <span>And I select model 'Escalade'</span>
      <div>
      </div>
                  </div>
                  <div class="step pass-bg">
                    <span>And I select location 'Any Location'</span>
      <div>
      </div>
                  </div>
                  <div class="step pass-bg">
                    <span>And I select price '$90,000'</span>
      <div>
      </div>
                  </div>
                  <div class="step fail-bg">
                    <span>And I click on Find My Next Car tab</span>
      <div>
        <textarea disabled class="code-block">org.openqa.selenium.ElementClickInterceptedException: element click intercepted: Element <input type="submit" value="Find My Next Car" id="search-submit" class="form-control btn btn-carsguide-red arrow-right"> is not clickable at point (274, 427). Other element would receive the click: <img src="https://carsguide-res.cloudinary.com/image/upload/f_auto,fl_lossy,q_auto,t_index_thumb_320/v1/editorial/segment_review/hero_image/2024-Mazda-CX-3-Evolve-1001x565.jpg" width="173" height="97" alt="guide review">
  (Session info: chrome=120.0.6099.129)
Build info: version: '4.15.0', revision: '1d14b5521b'
System info: os.name: 'Windows 11', os.arch: 'amd64', os.version: '10.0', java.version: '17.0.8'
Driver info: org.openqa.selenium.chrome.ChromeDriver
Command: [cc2a7f64d1b310fce2af40aae6c5cc7f, clickElement {id=B7157400387977342BB85E3E49B73D77_element_80}]
Capabilities {acceptInsecureCerts: false, browserName: chrome, browserVersion: 120.0.6099.129, chrome: {chromedriverVersion: 120.0.6099.109 (3419140ab66..., userDataDir: C:\Users\hansa\AppData\Loca...}, fedcm:accounts: true, goog:chromeOptions: {debuggerAddress: localhost:59386}, networkConnectionEnabled: false, pageLoadStrategy: normal, platformName: windows, proxy: Proxy(), se:cdp: ws://localhost:59386/devtoo..., se:cdpVersion: 120.0.6099.129, setWindowRect: true, strictFileInteractability: false, timeouts: {implicit: 0, pageLoad: 300000, script: 30000}, unhandledPromptBehavior: dismiss and notify, webauthn:extension:credBlob: true, webauthn:extension:largeBlob: true, webauthn:extension:minPinLength: true, webauthn:extension:prf: true, webauthn:virtualAuthenticators: true}
Element: [[ChromeDriver: chrome on windows (cc2a7f64d1b310fce2af40aae6c5cc7f)] -> id: search-submit]
Session ID: cc2a7f64d1b310fce2af40aae6c5cc7f
	at java.base/jdk.internal.reflect.NativeConstructorAccessorImpl.newInstance0(Native Method)
	at java.base/jdk.internal.reflect.NativeConstructorAccessorImpl.newInstance(NativeConstructorAccessorImpl.java:77)
	at java.base/jdk.internal.reflect.DelegatingConstructorAccessorImpl.newInstance(DelegatingConstructorAccessorImpl.java:45)
	at java.base/java.lang.reflect.Constructor.newInstanceWithCaller(Constructor.java:499)
	at java.base/java.lang.reflect.Constructor.newInstance(Constructor.java:480)
	at org.openqa.selenium.remote.codec.w3c.W3CHttpResponseCodec.createException(W3CHttpResponseCodec.java:200)
	at org.openqa.selenium.remote.codec.w3c.W3CHttpResponseCodec.decode(W3CHttpResponseCodec.java:133)
	at org.openqa.selenium.remote.codec.w3c.W3CHttpResponseCodec.decode(W3CHttpResponseCodec.java:52)
	at org.openqa.selenium.remote.HttpCommandExecutor.execute(HttpCommandExecutor.java:191)
	at org.openqa.selenium.remote.service.DriverCommandExecutor.invokeExecute(DriverCommandExecutor.java:200)
	at org.openqa.selenium.remote.service.DriverCommandExecutor.execute(DriverCommandExecutor.java:175)
	at org.openqa.selenium.remote.RemoteWebDriver.execute(RemoteWebDriver.java:607)
	at org.openqa.selenium.remote.RemoteWebElement.execute(RemoteWebElement.java:224)
	at org.openqa.selenium.remote.RemoteWebElement.click(RemoteWebElement.java:77)
	at java.base/jdk.internal.reflect.NativeMethodAccessorImpl.invoke0(Native Method)
	at java.base/jdk.internal.reflect.NativeMethodAccessorImpl.invoke(NativeMethodAccessorImpl.java:77)
	at java.base/jdk.internal.reflect.DelegatingMethodAccessorImpl.invoke(DelegatingMethodAccessorImpl.java:43)
	at java.base/java.lang.reflect.Method.invoke(Method.java:568)
	at org.openqa.selenium.support.pagefactory.internal.LocatingElementHandler.invoke(LocatingElementHandler.java:51)
	at jdk.proxy2/jdk.proxy2.$Proxy29.click(Unknown Source)
	at com.car.guide.practice.utility.Utility.clickOnElement(Utility.java:52)
	at com.car.guide.practice.pages.NewAndUsedCarSearchPage.clickOnFindMyNextCarTab(NewAndUsedCarSearchPage.java:46)
	at com.car.guide.practice.steps.BuySteps.iClickOnFindMyNextCarTab(BuySteps.java:34)
	at ✽.I click on Find My Next Car tab(file:///C:/Users/hansa/IdeaProjects/carsguide-wed-project/src/test/resources/features/buy.feature:12)
</textarea>
      
      </div>
                  </div>
                  <div class="step skip-bg">
                    <span>Then I should see the make 'Cadillac' in results</span>
      <div>Step skipped
      </div>
                  </div>
                  <div class="step pass-bg">
                    <span>com.car.guide.practice.steps.Hooks.tearDown(io.cucumber.java.Scenario)</span>
      <div>Search the buy car with model
          <div class="row mb-3"><div class="col-md-3">
<img data-featherlight='../screenshots/embedded5.png' src="../screenshots/embedded5.png">
    
    </div></div>
</div>
      <div>
      </div>
                  </div>
              </div>
            </div>
            <div class="card-body l1">
              <div class="card-header">
                <div class="card-title outline-child">
                  <div class="node" id="68"><span class="badge log fail-bg mr-2">Fail</span>Search the buy car with model</div>
                    <div class="status-avatar float-right">
                      <i class="fa fa-paperclip"></i>
                    </div>
                </div>
              </div>
              <div class="card-body mt-3 ">
                  <div class="step pass-bg">
                    <span>Given I am on homepage</span>
      <div>
      </div>
                  </div>
                  <div class="step pass-bg">
                    <span>When I mouse hover on “buy+sell” tab</span>
      <div>
      </div>
                  </div>
                  <div class="step pass-bg">
                    <span>And I click ‘Search Cars’ link</span>
      <div>
      </div>
                  </div>
                  <div class="step pass-bg">
                    <span>Then I navigate to ‘new and used car search’ page</span>
      <div>
      </div>
                  </div>
                  <div class="step pass-bg">
                    <span>And I select make 'Hyundai'</span>
      <div>
      </div>
                  </div>
                  <div class="step pass-bg">
                    <span>And I select model 'Accent'</span>
      <div>
      </div>
                  </div>
                  <div class="step pass-bg">
                    <span>And I select location 'Any Location'</span>
      <div>
      </div>
                  </div>
                  <div class="step pass-bg">
                    <span>And I select price '$7,500'</span>
      <div>
      </div>
                  </div>
                  <div class="step fail-bg">
                    <span>And I click on Find My Next Car tab</span>
      <div>
        <textarea disabled class="code-block">org.openqa.selenium.ElementClickInterceptedException: element click intercepted: Element <input type="submit" value="Find My Next Car" id="search-submit" class="form-control btn btn-carsguide-red arrow-right"> is not clickable at point (274, 427). Other element would receive the click: <img src="https://carsguide-res.cloudinary.com/image/upload/f_auto,fl_lossy,q_auto,t_index_thumb_320/v1/editorial/segment_review/hero_image/2024-Mazda-CX-3-Evolve-1001x565.jpg" width="173" height="97" alt="guide review">
  (Session info: chrome=120.0.6099.129)
Build info: version: '4.15.0', revision: '1d14b5521b'
System info: os.name: 'Windows 11', os.arch: 'amd64', os.version: '10.0', java.version: '17.0.8'
Driver info: org.openqa.selenium.chrome.ChromeDriver
Command: [48dbc5d44a265186407ea2f786434bfb, clickElement {id=18C6498C57901DF935D16725F59E7057_element_83}]
Capabilities {acceptInsecureCerts: false, browserName: chrome, browserVersion: 120.0.6099.129, chrome: {chromedriverVersion: 120.0.6099.109 (3419140ab66..., userDataDir: C:\Users\hansa\AppData\Loca...}, fedcm:accounts: true, goog:chromeOptions: {debuggerAddress: localhost:59639}, networkConnectionEnabled: false, pageLoadStrategy: normal, platformName: windows, proxy: Proxy(), se:cdp: ws://localhost:59639/devtoo..., se:cdpVersion: 120.0.6099.129, setWindowRect: true, strictFileInteractability: false, timeouts: {implicit: 0, pageLoad: 300000, script: 30000}, unhandledPromptBehavior: dismiss and notify, webauthn:extension:credBlob: true, webauthn:extension:largeBlob: true, webauthn:extension:minPinLength: true, webauthn:extension:prf: true, webauthn:virtualAuthenticators: true}
Element: [[ChromeDriver: chrome on windows (48dbc5d44a265186407ea2f786434bfb)] -> id: search-submit]
Session ID: 48dbc5d44a265186407ea2f786434bfb
	at java.base/jdk.internal.reflect.NativeConstructorAccessorImpl.newInstance0(Native Method)
	at java.base/jdk.internal.reflect.NativeConstructorAccessorImpl.newInstance(NativeConstructorAccessorImpl.java:77)
	at java.base/jdk.internal.reflect.DelegatingConstructorAccessorImpl.newInstance(DelegatingConstructorAccessorImpl.java:45)
	at java.base/java.lang.reflect.Constructor.newInstanceWithCaller(Constructor.java:499)
	at java.base/java.lang.reflect.Constructor.newInstance(Constructor.java:480)
	at org.openqa.selenium.remote.codec.w3c.W3CHttpResponseCodec.createException(W3CHttpResponseCodec.java:200)
	at org.openqa.selenium.remote.codec.w3c.W3CHttpResponseCodec.decode(W3CHttpResponseCodec.java:133)
	at org.openqa.selenium.remote.codec.w3c.W3CHttpResponseCodec.decode(W3CHttpResponseCodec.java:52)
	at org.openqa.selenium.remote.HttpCommandExecutor.execute(HttpCommandExecutor.java:191)
	at org.openqa.selenium.remote.service.DriverCommandExecutor.invokeExecute(DriverCommandExecutor.java:200)
	at org.openqa.selenium.remote.service.DriverCommandExecutor.execute(DriverCommandExecutor.java:175)
	at org.openqa.selenium.remote.RemoteWebDriver.execute(RemoteWebDriver.java:607)
	at org.openqa.selenium.remote.RemoteWebElement.execute(RemoteWebElement.java:224)
	at org.openqa.selenium.remote.RemoteWebElement.click(RemoteWebElement.java:77)
	at java.base/jdk.internal.reflect.NativeMethodAccessorImpl.invoke0(Native Method)
	at java.base/jdk.internal.reflect.NativeMethodAccessorImpl.invoke(NativeMethodAccessorImpl.java:77)
	at java.base/jdk.internal.reflect.DelegatingMethodAccessorImpl.invoke(DelegatingMethodAccessorImpl.java:43)
	at java.base/java.lang.reflect.Method.invoke(Method.java:568)
	at org.openqa.selenium.support.pagefactory.internal.LocatingElementHandler.invoke(LocatingElementHandler.java:51)
	at jdk.proxy2/jdk.proxy2.$Proxy29.click(Unknown Source)
	at com.car.guide.practice.utility.Utility.clickOnElement(Utility.java:52)
	at com.car.guide.practice.pages.NewAndUsedCarSearchPage.clickOnFindMyNextCarTab(NewAndUsedCarSearchPage.java:46)
	at com.car.guide.practice.steps.BuySteps.iClickOnFindMyNextCarTab(BuySteps.java:34)
	at ✽.I click on Find My Next Car tab(file:///C:/Users/hansa/IdeaProjects/carsguide-wed-project/src/test/resources/features/buy.feature:12)
</textarea>
      
      </div>
                  </div>
                  <div class="step skip-bg">
                    <span>Then I should see the make 'Hyundai' in results</span>
      <div>Step skipped
      </div>
                  </div>
                  <div class="step pass-bg">
                    <span>com.car.guide.practice.steps.Hooks.tearDown(io.cucumber.java.Scenario)</span>
      <div>Search the buy car with model
          <div class="row mb-3"><div class="col-md-3">
<img data-featherlight='../screenshots/embedded6.png' src="../screenshots/embedded6.png">
    
    </div></div>
</div>
      <div>
      </div>
                  </div>
              </div>
            </div>
        </div>
  </div>
  <div class="card">
    <div class="card-header" role="tab">
      <div class="card-title">
        <div class="node" id="81"><span class="badge log fail-bg mr-2">Fail</span>Search the used car with model</div>
          <div class="status-avatar float-right mr-4">
            <i class="fa fa-paperclip"></i>
          </div>
      </div>
    </div>
        <div class="scenario_outline ">
            <div class="card-body l1">
              <div class="card-header">
                <div class="card-title outline-child">
                  <div class="node" id="82"><span class="badge log fail-bg mr-2">Fail</span>Search the used car with model</div>
                    <div class="status-avatar float-right">
                      <i class="fa fa-paperclip"></i>
                    </div>
                </div>
              </div>
              <div class="card-body mt-3 ">
                  <div class="step pass-bg">
                    <span>Given I am on homepage</span>
      <div>
      </div>
                  </div>
                  <div class="step pass-bg">
                    <span>When I mouse hover on “buy+sell” tab</span>
      <div>
      </div>
                  </div>
                  <div class="step pass-bg">
                    <span>And I click ‘Used’ link</span>
      <div>
      </div>
                  </div>
                  <div class="step pass-bg">
                    <span>Then I navigate to ‘Used Cars For Sale’ page</span>
      <div>
      </div>
                  </div>
                  <div class="step pass-bg">
                    <span>And I select make 'Isuzu'</span>
      <div>
      </div>
                  </div>
                  <div class="step pass-bg">
                    <span>And I select model 'Bellet'</span>
      <div>
      </div>
                  </div>
                  <div class="step pass-bg">
                    <span>And I select location 'Any Location'</span>
      <div>
      </div>
                  </div>
                  <div class="step pass-bg">
                    <span>And I select price '$10,000'</span>
      <div>
      </div>
                  </div>
                  <div class="step fail-bg">
                    <span>And I click on Find My Next Car tab</span>
      <div>
        <textarea disabled class="code-block">org.openqa.selenium.ElementClickInterceptedException: element click intercepted: Element <input type="submit" value="Find My Next Car" id="search-submit" class="form-control btn btn-carsguide-red arrow-right"> is not clickable at point (1044, 352). Other element would receive the click: <div class="guide-menu">...</div>
  (Session info: chrome=120.0.6099.129)
Build info: version: '4.15.0', revision: '1d14b5521b'
System info: os.name: 'Windows 11', os.arch: 'amd64', os.version: '10.0', java.version: '17.0.8'
Driver info: org.openqa.selenium.chrome.ChromeDriver
Command: [774f6776a064b199ec77f9f70fe28b66, clickElement {id=157E22C000495BAFFF7D7D1CED8281FE_element_89}]
Capabilities {acceptInsecureCerts: false, browserName: chrome, browserVersion: 120.0.6099.129, chrome: {chromedriverVersion: 120.0.6099.109 (3419140ab66..., userDataDir: C:\Users\hansa\AppData\Loca...}, fedcm:accounts: true, goog:chromeOptions: {debuggerAddress: localhost:59833}, networkConnectionEnabled: false, pageLoadStrategy: normal, platformName: windows, proxy: Proxy(), se:cdp: ws://localhost:59833/devtoo..., se:cdpVersion: 120.0.6099.129, setWindowRect: true, strictFileInteractability: false, timeouts: {implicit: 0, pageLoad: 300000, script: 30000}, unhandledPromptBehavior: dismiss and notify, webauthn:extension:credBlob: true, webauthn:extension:largeBlob: true, webauthn:extension:minPinLength: true, webauthn:extension:prf: true, webauthn:virtualAuthenticators: true}
Element: [[ChromeDriver: chrome on windows (774f6776a064b199ec77f9f70fe28b66)] -> id: search-submit]
Session ID: 774f6776a064b199ec77f9f70fe28b66
	at java.base/jdk.internal.reflect.NativeConstructorAccessorImpl.newInstance0(Native Method)
	at java.base/jdk.internal.reflect.NativeConstructorAccessorImpl.newInstance(NativeConstructorAccessorImpl.java:77)
	at java.base/jdk.internal.reflect.DelegatingConstructorAccessorImpl.newInstance(DelegatingConstructorAccessorImpl.java:45)
	at java.base/java.lang.reflect.Constructor.newInstanceWithCaller(Constructor.java:499)
	at java.base/java.lang.reflect.Constructor.newInstance(Constructor.java:480)
	at org.openqa.selenium.remote.codec.w3c.W3CHttpResponseCodec.createException(W3CHttpResponseCodec.java:200)
	at org.openqa.selenium.remote.codec.w3c.W3CHttpResponseCodec.decode(W3CHttpResponseCodec.java:133)
	at org.openqa.selenium.remote.codec.w3c.W3CHttpResponseCodec.decode(W3CHttpResponseCodec.java:52)
	at org.openqa.selenium.remote.HttpCommandExecutor.execute(HttpCommandExecutor.java:191)
	at org.openqa.selenium.remote.service.DriverCommandExecutor.invokeExecute(DriverCommandExecutor.java:200)
	at org.openqa.selenium.remote.service.DriverCommandExecutor.execute(DriverCommandExecutor.java:175)
	at org.openqa.selenium.remote.RemoteWebDriver.execute(RemoteWebDriver.java:607)
	at org.openqa.selenium.remote.RemoteWebElement.execute(RemoteWebElement.java:224)
	at org.openqa.selenium.remote.RemoteWebElement.click(RemoteWebElement.java:77)
	at java.base/jdk.internal.reflect.NativeMethodAccessorImpl.invoke0(Native Method)
	at java.base/jdk.internal.reflect.NativeMethodAccessorImpl.invoke(NativeMethodAccessorImpl.java:77)
	at java.base/jdk.internal.reflect.DelegatingMethodAccessorImpl.invoke(DelegatingMethodAccessorImpl.java:43)
	at java.base/java.lang.reflect.Method.invoke(Method.java:568)
	at org.openqa.selenium.support.pagefactory.internal.LocatingElementHandler.invoke(LocatingElementHandler.java:51)
	at jdk.proxy2/jdk.proxy2.$Proxy29.click(Unknown Source)
	at com.car.guide.practice.utility.Utility.clickOnElement(Utility.java:52)
	at com.car.guide.practice.pages.NewAndUsedCarSearchPage.clickOnFindMyNextCarTab(NewAndUsedCarSearchPage.java:46)
	at com.car.guide.practice.steps.BuySteps.iClickOnFindMyNextCarTab(BuySteps.java:34)
	at ✽.I click on Find My Next Car tab(file:///C:/Users/hansa/IdeaProjects/carsguide-wed-project/src/test/resources/features/buy.feature:33)
</textarea>
      
      </div>
                  </div>
                  <div class="step skip-bg">
                    <span>Then I should see the make 'Isuzu' in results</span>
      <div>Step skipped
      </div>
                  </div>
                  <div class="step pass-bg">
                    <span>com.car.guide.practice.steps.Hooks.tearDown(io.cucumber.java.Scenario)</span>
      <div>Search the used car with model
          <div class="row mb-3"><div class="col-md-3">
<img data-featherlight='../screenshots/embedded7.png' src="../screenshots/embedded7.png">
    
    </div></div>
</div>
      <div>
      </div>
                  </div>
              </div>
            </div>
            <div class="card-body l1">
              <div class="card-header">
                <div class="card-title outline-child">
                  <div class="node" id="95"><span class="badge log fail-bg mr-2">Fail</span>Search the used car with model</div>
                    <div class="status-avatar float-right">
                      <i class="fa fa-paperclip"></i>
                    </div>
                </div>
              </div>
              <div class="card-body mt-3 ">
                  <div class="step pass-bg">
                    <span>Given I am on homepage</span>
      <div>
      </div>
                  </div>
                  <div class="step pass-bg">
                    <span>When I mouse hover on “buy+sell” tab</span>
      <div>
      </div>
                  </div>
                  <div class="step pass-bg">
                    <span>And I click ‘Used’ link</span>
      <div>
      </div>
                  </div>
                  <div class="step pass-bg">
                    <span>Then I navigate to ‘Used Cars For Sale’ page</span>
      <div>
      </div>
                  </div>
                  <div class="step pass-bg">
                    <span>And I select make 'Kia'</span>
      <div>
      </div>
                  </div>
                  <div class="step pass-bg">
                    <span>And I select model 'Carnival'</span>
      <div>
      </div>
                  </div>
                  <div class="step pass-bg">
                    <span>And I select location 'Any Location'</span>
      <div>
      </div>
                  </div>
                  <div class="step pass-bg">
                    <span>And I select price '$15,000'</span>
      <div>
      </div>
                  </div>
                  <div class="step fail-bg">
                    <span>And I click on Find My Next Car tab</span>
      <div>
        <textarea disabled class="code-block">org.openqa.selenium.ElementClickInterceptedException: element click intercepted: Element <input type="submit" value="Find My Next Car" id="search-submit" class="form-control btn btn-carsguide-red arrow-right"> is not clickable at point (1044, 352). Other element would receive the click: <div class="guide-menu">...</div>
  (Session info: chrome=120.0.6099.129)
Build info: version: '4.15.0', revision: '1d14b5521b'
System info: os.name: 'Windows 11', os.arch: 'amd64', os.version: '10.0', java.version: '17.0.8'
Driver info: org.openqa.selenium.chrome.ChromeDriver
Command: [e4d63294578deabc73ac3d6718ea267e, clickElement {id=91A34CCF3D19023A4702426857CF673F_element_87}]
Capabilities {acceptInsecureCerts: false, browserName: chrome, browserVersion: 120.0.6099.129, chrome: {chromedriverVersion: 120.0.6099.109 (3419140ab66..., userDataDir: C:\Users\hansa\AppData\Loca...}, fedcm:accounts: true, goog:chromeOptions: {debuggerAddress: localhost:60002}, networkConnectionEnabled: false, pageLoadStrategy: normal, platformName: windows, proxy: Proxy(), se:cdp: ws://localhost:60002/devtoo..., se:cdpVersion: 120.0.6099.129, setWindowRect: true, strictFileInteractability: false, timeouts: {implicit: 0, pageLoad: 300000, script: 30000}, unhandledPromptBehavior: dismiss and notify, webauthn:extension:credBlob: true, webauthn:extension:largeBlob: true, webauthn:extension:minPinLength: true, webauthn:extension:prf: true, webauthn:virtualAuthenticators: true}
Element: [[ChromeDriver: chrome on windows (e4d63294578deabc73ac3d6718ea267e)] -> id: search-submit]
Session ID: e4d63294578deabc73ac3d6718ea267e
	at java.base/jdk.internal.reflect.NativeConstructorAccessorImpl.newInstance0(Native Method)
	at java.base/jdk.internal.reflect.NativeConstructorAccessorImpl.newInstance(NativeConstructorAccessorImpl.java:77)
	at java.base/jdk.internal.reflect.DelegatingConstructorAccessorImpl.newInstance(DelegatingConstructorAccessorImpl.java:45)
	at java.base/java.lang.reflect.Constructor.newInstanceWithCaller(Constructor.java:499)
	at java.base/java.lang.reflect.Constructor.newInstance(Constructor.java:480)
	at org.openqa.selenium.remote.codec.w3c.W3CHttpResponseCodec.createException(W3CHttpResponseCodec.java:200)
	at org.openqa.selenium.remote.codec.w3c.W3CHttpResponseCodec.decode(W3CHttpResponseCodec.java:133)
	at org.openqa.selenium.remote.codec.w3c.W3CHttpResponseCodec.decode(W3CHttpResponseCodec.java:52)
	at org.openqa.selenium.remote.HttpCommandExecutor.execute(HttpCommandExecutor.java:191)
	at org.openqa.selenium.remote.service.DriverCommandExecutor.invokeExecute(DriverCommandExecutor.java:200)
	at org.openqa.selenium.remote.service.DriverCommandExecutor.execute(DriverCommandExecutor.java:175)
	at org.openqa.selenium.remote.RemoteWebDriver.execute(RemoteWebDriver.java:607)
	at org.openqa.selenium.remote.RemoteWebElement.execute(RemoteWebElement.java:224)
	at org.openqa.selenium.remote.RemoteWebElement.click(RemoteWebElement.java:77)
	at java.base/jdk.internal.reflect.NativeMethodAccessorImpl.invoke0(Native Method)
	at java.base/jdk.internal.reflect.NativeMethodAccessorImpl.invoke(NativeMethodAccessorImpl.java:77)
	at java.base/jdk.internal.reflect.DelegatingMethodAccessorImpl.invoke(DelegatingMethodAccessorImpl.java:43)
	at java.base/java.lang.reflect.Method.invoke(Method.java:568)
	at org.openqa.selenium.support.pagefactory.internal.LocatingElementHandler.invoke(LocatingElementHandler.java:51)
	at jdk.proxy2/jdk.proxy2.$Proxy29.click(Unknown Source)
	at com.car.guide.practice.utility.Utility.clickOnElement(Utility.java:52)
	at com.car.guide.practice.pages.NewAndUsedCarSearchPage.clickOnFindMyNextCarTab(NewAndUsedCarSearchPage.java:46)
	at com.car.guide.practice.steps.BuySteps.iClickOnFindMyNextCarTab(BuySteps.java:34)
	at ✽.I click on Find My Next Car tab(file:///C:/Users/hansa/IdeaProjects/carsguide-wed-project/src/test/resources/features/buy.feature:33)
</textarea>
      
      </div>
                  </div>
                  <div class="step skip-bg">
                    <span>Then I should see the make 'Kia' in results</span>
      <div>Step skipped
      </div>
                  </div>
                  <div class="step pass-bg">
                    <span>com.car.guide.practice.steps.Hooks.tearDown(io.cucumber.java.Scenario)</span>
      <div>Search the used car with model
          <div class="row mb-3"><div class="col-md-3">
<img data-featherlight='../screenshots/embedded8.png' src="../screenshots/embedded8.png">
    
    </div></div>
</div>
      <div>
      </div>
                  </div>
              </div>
            </div>
            <div class="card-body l1">
              <div class="card-header">
                <div class="card-title outline-child">
                  <div class="node" id="108"><span class="badge log fail-bg mr-2">Fail</span>Search the used car with model</div>
                    <div class="status-avatar float-right">
                      <i class="fa fa-paperclip"></i>
                    </div>
                </div>
              </div>
              <div class="card-body mt-3 ">
                  <div class="step pass-bg">
                    <span>Given I am on homepage</span>
      <div>
      </div>
                  </div>
                  <div class="step pass-bg">
                    <span>When I mouse hover on “buy+sell” tab</span>
      <div>
      </div>
                  </div>
                  <div class="step pass-bg">
                    <span>And I click ‘Used’ link</span>
      <div>
      </div>
                  </div>
                  <div class="step pass-bg">
                    <span>Then I navigate to ‘Used Cars For Sale’ page</span>
      <div>
      </div>
                  </div>
                  <div class="step pass-bg">
                    <span>And I select make 'Volkswagen'</span>
      <div>
      </div>
                  </div>
                  <div class="step pass-bg">
                    <span>And I select model 'Golf'</span>
      <div>
      </div>
                  </div>
                  <div class="step pass-bg">
                    <span>And I select location 'Any Location'</span>
      <div>
      </div>
                  </div>
                  <div class="step pass-bg">
                    <span>And I select price '$45,000'</span>
      <div>
      </div>
                  </div>
                  <div class="step fail-bg">
                    <span>And I click on Find My Next Car tab</span>
      <div>
        <textarea disabled class="code-block">org.openqa.selenium.ElementClickInterceptedException: element click intercepted: Element <input type="submit" value="Find My Next Car" id="search-submit" class="form-control btn btn-carsguide-red arrow-right"> is not clickable at point (1044, 352). Other element would receive the click: <div class="guide-menu">...</div>
  (Session info: chrome=120.0.6099.129)
Build info: version: '4.15.0', revision: '1d14b5521b'
System info: os.name: 'Windows 11', os.arch: 'amd64', os.version: '10.0', java.version: '17.0.8'
Driver info: org.openqa.selenium.chrome.ChromeDriver
Command: [c68e8b5049fe49920f0b1fdd661a7a55, clickElement {id=DC349D99709B5E5943DD6E49D3A78EA4_element_97}]
Capabilities {acceptInsecureCerts: false, browserName: chrome, browserVersion: 120.0.6099.129, chrome: {chromedriverVersion: 120.0.6099.109 (3419140ab66..., userDataDir: C:\Users\hansa\AppData\Loca...}, fedcm:accounts: true, goog:chromeOptions: {debuggerAddress: localhost:60179}, networkConnectionEnabled: false, pageLoadStrategy: normal, platformName: windows, proxy: Proxy(), se:cdp: ws://localhost:60179/devtoo..., se:cdpVersion: 120.0.6099.129, setWindowRect: true, strictFileInteractability: false, timeouts: {implicit: 0, pageLoad: 300000, script: 30000}, unhandledPromptBehavior: dismiss and notify, webauthn:extension:credBlob: true, webauthn:extension:largeBlob: true, webauthn:extension:minPinLength: true, webauthn:extension:prf: true, webauthn:virtualAuthenticators: true}
Element: [[ChromeDriver: chrome on windows (c68e8b5049fe49920f0b1fdd661a7a55)] -> id: search-submit]
Session ID: c68e8b5049fe49920f0b1fdd661a7a55
	at java.base/jdk.internal.reflect.NativeConstructorAccessorImpl.newInstance0(Native Method)
	at java.base/jdk.internal.reflect.NativeConstructorAccessorImpl.newInstance(NativeConstructorAccessorImpl.java:77)
	at java.base/jdk.internal.reflect.DelegatingConstructorAccessorImpl.newInstance(DelegatingConstructorAccessorImpl.java:45)
	at java.base/java.lang.reflect.Constructor.newInstanceWithCaller(Constructor.java:499)
	at java.base/java.lang.reflect.Constructor.newInstance(Constructor.java:480)
	at org.openqa.selenium.remote.codec.w3c.W3CHttpResponseCodec.createException(W3CHttpResponseCodec.java:200)
	at org.openqa.selenium.remote.codec.w3c.W3CHttpResponseCodec.decode(W3CHttpResponseCodec.java:133)
	at org.openqa.selenium.remote.codec.w3c.W3CHttpResponseCodec.decode(W3CHttpResponseCodec.java:52)
	at org.openqa.selenium.remote.HttpCommandExecutor.execute(HttpCommandExecutor.java:191)
	at org.openqa.selenium.remote.service.DriverCommandExecutor.invokeExecute(DriverCommandExecutor.java:200)
	at org.openqa.selenium.remote.service.DriverCommandExecutor.execute(DriverCommandExecutor.java:175)
	at org.openqa.selenium.remote.RemoteWebDriver.execute(RemoteWebDriver.java:607)
	at org.openqa.selenium.remote.RemoteWebElement.execute(RemoteWebElement.java:224)
	at org.openqa.selenium.remote.RemoteWebElement.click(RemoteWebElement.java:77)
	at jdk.internal.reflect.GeneratedMethodAccessor83.invoke(Unknown Source)
	at java.base/jdk.internal.reflect.DelegatingMethodAccessorImpl.invoke(DelegatingMethodAccessorImpl.java:43)
	at java.base/java.lang.reflect.Method.invoke(Method.java:568)
	at org.openqa.selenium.support.pagefactory.internal.LocatingElementHandler.invoke(LocatingElementHandler.java:51)
	at jdk.proxy2/jdk.proxy2.$Proxy29.click(Unknown Source)
	at com.car.guide.practice.utility.Utility.clickOnElement(Utility.java:52)
	at com.car.guide.practice.pages.NewAndUsedCarSearchPage.clickOnFindMyNextCarTab(NewAndUsedCarSearchPage.java:46)
	at com.car.guide.practice.steps.BuySteps.iClickOnFindMyNextCarTab(BuySteps.java:34)
	at ✽.I click on Find My Next Car tab(file:///C:/Users/hansa/IdeaProjects/carsguide-wed-project/src/test/resources/features/buy.feature:33)
</textarea>
      
      </div>
                  </div>
                  <div class="step skip-bg">
                    <span>Then I should see the make 'Volkswagen' in results</span>
      <div>Step skipped
      </div>
                  </div>
                  <div class="step pass-bg">
                    <span>com.car.guide.practice.steps.Hooks.tearDown(io.cucumber.java.Scenario)</span>
      <div>Search the used car with model
          <div class="row mb-3"><div class="col-md-3">
<img data-featherlight='../screenshots/embedded9.png' src="../screenshots/embedded9.png">
    
    </div></div>
</div>
      <div>
      </div>
                  </div>
              </div>
            </div>
            <div class="card-body l1">
              <div class="card-header">
                <div class="card-title outline-child">
                  <div class="node" id="121"><span class="badge log fail-bg mr-2">Fail</span>Search the used car with model</div>
                    <div class="status-avatar float-right">
                      <i class="fa fa-paperclip"></i>
                    </div>
                </div>
              </div>
              <div class="card-body mt-3 ">
                  <div class="step pass-bg">
                    <span>Given I am on homepage</span>
      <div>
      </div>
                  </div>
                  <div class="step pass-bg">
                    <span>When I mouse hover on “buy+sell” tab</span>
      <div>
      </div>
                  </div>
                  <div class="step pass-bg">
                    <span>And I click ‘Used’ link</span>
      <div>
      </div>
                  </div>
                  <div class="step pass-bg">
                    <span>Then I navigate to ‘Used Cars For Sale’ page</span>
      <div>
      </div>
                  </div>
                  <div class="step pass-bg">
                    <span>And I select make 'Volkswagen'</span>
      <div>
      </div>
                  </div>
                  <div class="step pass-bg">
                    <span>And I select model 'Golf'</span>
      <div>
      </div>
                  </div>
                  <div class="step pass-bg">
                    <span>And I select location 'Any Location'</span>
      <div>
      </div>
                  </div>
                  <div class="step pass-bg">
                    <span>And I select price '$60,000'</span>
      <div>
      </div>
                  </div>
                  <div class="step fail-bg">
                    <span>And I click on Find My Next Car tab</span>
      <div>
        <textarea disabled class="code-block">org.openqa.selenium.ElementClickInterceptedException: element click intercepted: Element <input type="submit" value="Find My Next Car" id="search-submit" class="form-control btn btn-carsguide-red arrow-right"> is not clickable at point (1044, 352). Other element would receive the click: <div class="guide-menu">...</div>
  (Session info: chrome=120.0.6099.129)
Build info: version: '4.15.0', revision: '1d14b5521b'
System info: os.name: 'Windows 11', os.arch: 'amd64', os.version: '10.0', java.version: '17.0.8'
Driver info: org.openqa.selenium.chrome.ChromeDriver
Command: [0109410d0465f3ada079261e9eddd574, clickElement {id=2F3525D8C964B4B14A410B7F08D9EC84_element_89}]
Capabilities {acceptInsecureCerts: false, browserName: chrome, browserVersion: 120.0.6099.129, chrome: {chromedriverVersion: 120.0.6099.109 (3419140ab66..., userDataDir: C:\Users\hansa\AppData\Loca...}, fedcm:accounts: true, goog:chromeOptions: {debuggerAddress: localhost:60393}, networkConnectionEnabled: false, pageLoadStrategy: normal, platformName: windows, proxy: Proxy(), se:cdp: ws://localhost:60393/devtoo..., se:cdpVersion: 120.0.6099.129, setWindowRect: true, strictFileInteractability: false, timeouts: {implicit: 0, pageLoad: 300000, script: 30000}, unhandledPromptBehavior: dismiss and notify, webauthn:extension:credBlob: true, webauthn:extension:largeBlob: true, webauthn:extension:minPinLength: true, webauthn:extension:prf: true, webauthn:virtualAuthenticators: true}
Element: [[ChromeDriver: chrome on windows (0109410d0465f3ada079261e9eddd574)] -> id: search-submit]
Session ID: 0109410d0465f3ada079261e9eddd574
	at java.base/jdk.internal.reflect.NativeConstructorAccessorImpl.newInstance0(Native Method)
	at java.base/jdk.internal.reflect.NativeConstructorAccessorImpl.newInstance(NativeConstructorAccessorImpl.java:77)
	at java.base/jdk.internal.reflect.DelegatingConstructorAccessorImpl.newInstance(DelegatingConstructorAccessorImpl.java:45)
	at java.base/java.lang.reflect.Constructor.newInstanceWithCaller(Constructor.java:499)
	at java.base/java.lang.reflect.Constructor.newInstance(Constructor.java:480)
	at org.openqa.selenium.remote.codec.w3c.W3CHttpResponseCodec.createException(W3CHttpResponseCodec.java:200)
	at org.openqa.selenium.remote.codec.w3c.W3CHttpResponseCodec.decode(W3CHttpResponseCodec.java:133)
	at org.openqa.selenium.remote.codec.w3c.W3CHttpResponseCodec.decode(W3CHttpResponseCodec.java:52)
	at org.openqa.selenium.remote.HttpCommandExecutor.execute(HttpCommandExecutor.java:191)
	at org.openqa.selenium.remote.service.DriverCommandExecutor.invokeExecute(DriverCommandExecutor.java:200)
	at org.openqa.selenium.remote.service.DriverCommandExecutor.execute(DriverCommandExecutor.java:175)
	at org.openqa.selenium.remote.RemoteWebDriver.execute(RemoteWebDriver.java:607)
	at org.openqa.selenium.remote.RemoteWebElement.execute(RemoteWebElement.java:224)
	at org.openqa.selenium.remote.RemoteWebElement.click(RemoteWebElement.java:77)
	at jdk.internal.reflect.GeneratedMethodAccessor83.invoke(Unknown Source)
	at java.base/jdk.internal.reflect.DelegatingMethodAccessorImpl.invoke(DelegatingMethodAccessorImpl.java:43)
	at java.base/java.lang.reflect.Method.invoke(Method.java:568)
	at org.openqa.selenium.support.pagefactory.internal.LocatingElementHandler.invoke(LocatingElementHandler.java:51)
	at jdk.proxy2/jdk.proxy2.$Proxy29.click(Unknown Source)
	at com.car.guide.practice.utility.Utility.clickOnElement(Utility.java:52)
	at com.car.guide.practice.pages.NewAndUsedCarSearchPage.clickOnFindMyNextCarTab(NewAndUsedCarSearchPage.java:46)
	at com.car.guide.practice.steps.BuySteps.iClickOnFindMyNextCarTab(BuySteps.java:34)
	at ✽.I click on Find My Next Car tab(file:///C:/Users/hansa/IdeaProjects/carsguide-wed-project/src/test/resources/features/buy.feature:33)
</textarea>
      
      </div>
                  </div>
                  <div class="step skip-bg">
                    <span>Then I should see the make 'Volkswagen' in results</span>
      <div>Step skipped
      </div>
                  </div>
                  <div class="step pass-bg">
                    <span>com.car.guide.practice.steps.Hooks.tearDown(io.cucumber.java.Scenario)</span>
      <div>Search the used car with model
          <div class="row mb-3"><div class="col-md-3">
<img data-featherlight='../screenshots/embedded10.png' src="../screenshots/embedded10.png">
    
    </div></div>
</div>
      <div>
      </div>
                  </div>
              </div>
            </div>
            <div class="card-body l1">
              <div class="card-header">
                <div class="card-title outline-child">
                  <div class="node" id="134"><span class="badge log fail-bg mr-2">Fail</span>Search the used car with model</div>
                    <div class="status-avatar float-right">
                      <i class="fa fa-paperclip"></i>
                    </div>
                </div>
              </div>
              <div class="card-body mt-3 ">
                  <div class="step pass-bg">
                    <span>Given I am on homepage</span>
      <div>
      </div>
                  </div>
                  <div class="step pass-bg">
                    <span>When I mouse hover on “buy+sell” tab</span>
      <div>
      </div>
                  </div>
                  <div class="step pass-bg">
                    <span>And I click ‘Used’ link</span>
      <div>
      </div>
                  </div>
                  <div class="step pass-bg">
                    <span>Then I navigate to ‘Used Cars For Sale’ page</span>
      <div>
      </div>
                  </div>
                  <div class="step pass-bg">
                    <span>And I select make 'Mini'</span>
      <div>
      </div>
                  </div>
                  <div class="step pass-bg">
                    <span>And I select model 'Hatch'</span>
      <div>
      </div>
                  </div>
                  <div class="step pass-bg">
                    <span>And I select location 'Any Location'</span>
      <div>
      </div>
                  </div>
                  <div class="step pass-bg">
                    <span>And I select price '$45,000'</span>
      <div>
      </div>
                  </div>
                  <div class="step fail-bg">
                    <span>And I click on Find My Next Car tab</span>
      <div>
        <textarea disabled class="code-block">org.openqa.selenium.ElementClickInterceptedException: element click intercepted: Element <input type="submit" value="Find My Next Car" id="search-submit" class="form-control btn btn-carsguide-red arrow-right"> is not clickable at point (1044, 352). Other element would receive the click: <div class="guide-menu">...</div>
  (Session info: chrome=120.0.6099.129)
Build info: version: '4.15.0', revision: '1d14b5521b'
System info: os.name: 'Windows 11', os.arch: 'amd64', os.version: '10.0', java.version: '17.0.8'
Driver info: org.openqa.selenium.chrome.ChromeDriver
Command: [89ac7c3a3b055a1dca86a1f8c86ebcec, clickElement {id=98306B22AF691611E46967C6C526548E_element_86}]
Capabilities {acceptInsecureCerts: false, browserName: chrome, browserVersion: 120.0.6099.129, chrome: {chromedriverVersion: 120.0.6099.109 (3419140ab66..., userDataDir: C:\Users\hansa\AppData\Loca...}, fedcm:accounts: true, goog:chromeOptions: {debuggerAddress: localhost:60573}, networkConnectionEnabled: false, pageLoadStrategy: normal, platformName: windows, proxy: Proxy(), se:cdp: ws://localhost:60573/devtoo..., se:cdpVersion: 120.0.6099.129, setWindowRect: true, strictFileInteractability: false, timeouts: {implicit: 0, pageLoad: 300000, script: 30000}, unhandledPromptBehavior: dismiss and notify, webauthn:extension:credBlob: true, webauthn:extension:largeBlob: true, webauthn:extension:minPinLength: true, webauthn:extension:prf: true, webauthn:virtualAuthenticators: true}
Element: [[ChromeDriver: chrome on windows (89ac7c3a3b055a1dca86a1f8c86ebcec)] -> id: search-submit]
Session ID: 89ac7c3a3b055a1dca86a1f8c86ebcec
	at java.base/jdk.internal.reflect.NativeConstructorAccessorImpl.newInstance0(Native Method)
	at java.base/jdk.internal.reflect.NativeConstructorAccessorImpl.newInstance(NativeConstructorAccessorImpl.java:77)
	at java.base/jdk.internal.reflect.DelegatingConstructorAccessorImpl.newInstance(DelegatingConstructorAccessorImpl.java:45)
	at java.base/java.lang.reflect.Constructor.newInstanceWithCaller(Constructor.java:499)
	at java.base/java.lang.reflect.Constructor.newInstance(Constructor.java:480)
	at org.openqa.selenium.remote.codec.w3c.W3CHttpResponseCodec.createException(W3CHttpResponseCodec.java:200)
	at org.openqa.selenium.remote.codec.w3c.W3CHttpResponseCodec.decode(W3CHttpResponseCodec.java:133)
	at org.openqa.selenium.remote.codec.w3c.W3CHttpResponseCodec.decode(W3CHttpResponseCodec.java:52)
	at org.openqa.selenium.remote.HttpCommandExecutor.execute(HttpCommandExecutor.java:191)
	at org.openqa.selenium.remote.service.DriverCommandExecutor.invokeExecute(DriverCommandExecutor.java:200)
	at org.openqa.selenium.remote.service.DriverCommandExecutor.execute(DriverCommandExecutor.java:175)
	at org.openqa.selenium.remote.RemoteWebDriver.execute(RemoteWebDriver.java:607)
	at org.openqa.selenium.remote.RemoteWebElement.execute(RemoteWebElement.java:224)
	at org.openqa.selenium.remote.RemoteWebElement.click(RemoteWebElement.java:77)
	at jdk.internal.reflect.GeneratedMethodAccessor83.invoke(Unknown Source)
	at java.base/jdk.internal.reflect.DelegatingMethodAccessorImpl.invoke(DelegatingMethodAccessorImpl.java:43)
	at java.base/java.lang.reflect.Method.invoke(Method.java:568)
	at org.openqa.selenium.support.pagefactory.internal.LocatingElementHandler.invoke(LocatingElementHandler.java:51)
	at jdk.proxy2/jdk.proxy2.$Proxy29.click(Unknown Source)
	at com.car.guide.practice.utility.Utility.clickOnElement(Utility.java:52)
	at com.car.guide.practice.pages.NewAndUsedCarSearchPage.clickOnFindMyNextCarTab(NewAndUsedCarSearchPage.java:46)
	at com.car.guide.practice.steps.BuySteps.iClickOnFindMyNextCarTab(BuySteps.java:34)
	at ✽.I click on Find My Next Car tab(file:///C:/Users/hansa/IdeaProjects/carsguide-wed-project/src/test/resources/features/buy.feature:33)
</textarea>
      
      </div>
                  </div>
                  <div class="step skip-bg">
                    <span>Then I should see the make 'Mini' in results</span>
      <div>Step skipped
      </div>
                  </div>
                  <div class="step pass-bg">
                    <span>com.car.guide.practice.steps.Hooks.tearDown(io.cucumber.java.Scenario)</span>
      <div>Search the used car with model
          <div class="row mb-3"><div class="col-md-3">
<img data-featherlight='../screenshots/embedded11.png' src="../screenshots/embedded11.png">
    
    </div></div>
</div>
      <div>
      </div>
                  </div>
              </div>
            </div>
            <div class="card-body l1">
              <div class="card-header">
                <div class="card-title outline-child">
                  <div class="node" id="147"><span class="badge log fail-bg mr-2">Fail</span>Search the used car with model</div>
                    <div class="status-avatar float-right">
                      <i class="fa fa-paperclip"></i>
                    </div>
                </div>
              </div>
              <div class="card-body mt-3 ">
                  <div class="step pass-bg">
                    <span>Given I am on homepage</span>
      <div>
      </div>
                  </div>
                  <div class="step pass-bg">
                    <span>When I mouse hover on “buy+sell” tab</span>
      <div>
      </div>
                  </div>
                  <div class="step pass-bg">
                    <span>And I click ‘Used’ link</span>
      <div>
      </div>
                  </div>
                  <div class="step pass-bg">
                    <span>Then I navigate to ‘Used Cars For Sale’ page</span>
      <div>
      </div>
                  </div>
                  <div class="step pass-bg">
                    <span>And I select make 'BMW'</span>
      <div>
      </div>
                  </div>
                  <div class="step fail-bg">
                    <span>And I select model 'M135i'</span>
      <div>
        <textarea disabled class="code-block">org.openqa.selenium.NoSuchElementException: Cannot locate option with text: M135i
For documentation on this error, please visit: https://www.selenium.dev/documentation/webdriver/troubleshooting/errors#no-such-element-exception
Build info: version: '4.15.0', revision: '1d14b5521b'
System info: os.name: 'Windows 11', os.arch: 'amd64', os.version: '10.0', java.version: '17.0.8'
Driver info: driver.version: unknown
	at org.openqa.selenium.support.ui.Select.selectByVisibleText(Select.java:153)
	at com.car.guide.practice.utility.Utility.selectByVisibleTextFromDropDown(Utility.java:147)
	at com.car.guide.practice.pages.NewAndUsedCarSearchPage.selectModel(NewAndUsedCarSearchPage.java:37)
	at com.car.guide.practice.steps.BuySteps.iSelectModelModel(BuySteps.java:53)
	at ✽.I select model 'M135i'(file:///C:/Users/hansa/IdeaProjects/carsguide-wed-project/src/test/resources/features/buy.feature:30)
</textarea>
      
      </div>
                  </div>
                  <div class="step skip-bg">
                    <span>And I select location 'Any Location'</span>
      <div>Step skipped
      </div>
                  </div>
                  <div class="step skip-bg">
                    <span>And I select price '$90,000'</span>
      <div>Step skipped
      </div>
                  </div>
                  <div class="step skip-bg">
                    <span>And I click on Find My Next Car tab</span>
      <div>Step skipped
      </div>
                  </div>
                  <div class="step skip-bg">
                    <span>Then I should see the make 'BMW' in results</span>
      <div>Step skipped
      </div>
                  </div>
                  <div class="step pass-bg">
                    <span>com.car.guide.practice.steps.Hooks.tearDown(io.cucumber.java.Scenario)</span>
      <div>Search the used car with model
          <div class="row mb-3"><div class="col-md-3">
<img data-featherlight='../screenshots/embedded12.png' src="../screenshots/embedded12.png">
    
    </div></div>
</div>
      <div>
      </div>
                  </div>
              </div>
            </div>
        </div>
  </div>
</div>
          </div>
        </li>
        <li class="test-item"  status="pass" test-id="160"
          author=""
          tag=""
          device="">
          <div class="test-detail">
            <p class="name">Find the dealers and verify</p>
            <p class="text-sm">
              <span>17:33:59</span> / <span>00:00:56:449</span>
              <span class="badge pass-bg log float-right">Pass</span>
            </p>
          </div>
          <div class="test-contents d-none">
<div class="detail-head">
<div class="p-v-10">
<div class="info">
<h5 class="test-status text-pass">Find the dealers and verify</h5>
<span class='badge badge-success'>12.21.2023 17:33:59</span>
<span class='badge badge-danger'>12.21.2023 17:34:56</span>
<span class='badge badge-default'>00:00:56:449</span>
&middot; <span class='uri-anchor badge badge-default'>#test-id=160</span>
<span class='badge badge-default pointer float-right ml-1 et'><i class="fa fa-chevron-down"></i></span>
<span class='badge badge-default pointer float-right ct'><i class="fa fa-chevron-up"></i></span>
</div>
<div class="m-t-10 m-l-5"></div>
</div>
</div>
<div class="accordion mt-4">
  <div class="card">
    <div class="card-header" role="tab">
      <div class="card-title">
        <div class="node" id="161"><span class="badge log pass-bg mr-2">Pass</span>Find the dealers and verify the dealers are in list</div>
      </div>
    </div>
        <div class="scenario_outline collapse">
            <div class="card-body l1">
              <div class="card-header">
                <div class="card-title outline-child">
                  <div class="node" id="162"><span class="badge log pass-bg mr-2">Pass</span>Find the dealers and verify the dealers are in list</div>
                </div>
              </div>
              <div class="card-body mt-3 collapse">
                  <div class="step pass-bg">
                    <span>Given I am on homepage</span>
      <div>
      </div>
                  </div>
                  <div class="step pass-bg">
                    <span>When I mouse hover on “buy+sell” tab</span>
      <div>
      </div>
                  </div>
                  <div class="step pass-bg">
                    <span>And I click ‘Find a Dealer’</span>
      <div>
      </div>
                  </div>
                  <div class="step pass-bg">
                    <span>Then I navigate to ‘car-dealers’ page</span>
      <div>
      </div>
                  </div>
                  <div class="step pass-bg">
                    <span>And I should see the dealer names '3 Point Motors Epping' are display on page</span>
      <div>
      </div>
                  </div>
              </div>
            </div>
            <div class="card-body l1">
              <div class="card-header">
                <div class="card-title outline-child">
                  <div class="node" id="170"><span class="badge log pass-bg mr-2">Pass</span>Find the dealers and verify the dealers are in list</div>
                </div>
              </div>
              <div class="card-body mt-3 collapse">
                  <div class="step pass-bg">
                    <span>Given I am on homepage</span>
      <div>
      </div>
                  </div>
                  <div class="step pass-bg">
                    <span>When I mouse hover on “buy+sell” tab</span>
      <div>
      </div>
                  </div>
                  <div class="step pass-bg">
                    <span>And I click ‘Find a Dealer’</span>
      <div>
      </div>
                  </div>
                  <div class="step pass-bg">
                    <span>Then I navigate to ‘car-dealers’ page</span>
      <div>
      </div>
                  </div>
                  <div class="step pass-bg">
                    <span>And I should see the dealer names '4WD Specialist Group' are display on page</span>
      <div>
      </div>
                  </div>
              </div>
            </div>
            <div class="card-body l1">
              <div class="card-header">
                <div class="card-title outline-child">
                  <div class="node" id="178"><span class="badge log pass-bg mr-2">Pass</span>Find the dealers and verify the dealers are in list</div>
                </div>
              </div>
              <div class="card-body mt-3 collapse">
                  <div class="step pass-bg">
                    <span>Given I am on homepage</span>
      <div>
      </div>
                  </div>
                  <div class="step pass-bg">
                    <span>When I mouse hover on “buy+sell” tab</span>
      <div>
      </div>
                  </div>
                  <div class="step pass-bg">
                    <span>And I click ‘Find a Dealer’</span>
      <div>
      </div>
                  </div>
                  <div class="step pass-bg">
                    <span>Then I navigate to ‘car-dealers’ page</span>
      <div>
      </div>
                  </div>
                  <div class="step pass-bg">
                    <span>And I should see the dealer names '5 Star Auto' are display on page</span>
      <div>
      </div>
                  </div>
              </div>
            </div>
            <div class="card-body l1">
              <div class="card-header">
                <div class="card-title outline-child">
                  <div class="node" id="186"><span class="badge log pass-bg mr-2">Pass</span>Find the dealers and verify the dealers are in list</div>
                </div>
              </div>
              <div class="card-body mt-3 collapse">
                  <div class="step pass-bg">
                    <span>Given I am on homepage</span>
      <div>
      </div>
                  </div>
                  <div class="step pass-bg">
                    <span>When I mouse hover on “buy+sell” tab</span>
      <div>
      </div>
                  </div>
                  <div class="step pass-bg">
                    <span>And I click ‘Find a Dealer’</span>
      <div>
      </div>
                  </div>
                  <div class="step pass-bg">
                    <span>Then I navigate to ‘car-dealers’ page</span>
      <div>
      </div>
                  </div>
                  <div class="step pass-bg">
                    <span>And I should see the dealer names 'A & M Car Sales Pty Ltd' are display on page</span>
      <div>
      </div>
                  </div>
              </div>
            </div>
            <div class="card-body l1">
              <div class="card-header">
                <div class="card-title outline-child">
                  <div class="node" id="194"><span class="badge log pass-bg mr-2">Pass</span>Find the dealers and verify the dealers are in list</div>
                </div>
              </div>
              <div class="card-body mt-3 collapse">
                  <div class="step pass-bg">
                    <span>Given I am on homepage</span>
      <div>
      </div>
                  </div>
                  <div class="step pass-bg">
                    <span>When I mouse hover on “buy+sell” tab</span>
      <div>
      </div>
                  </div>
                  <div class="step pass-bg">
                    <span>And I click ‘Find a Dealer’</span>
      <div>
      </div>
                  </div>
                  <div class="step pass-bg">
                    <span>Then I navigate to ‘car-dealers’ page</span>
      <div>
      </div>
                  </div>
                  <div class="step pass-bg">
                    <span>And I should see the dealer names 'A1 MOTORS COMPANY' are display on page</span>
      <div>
      </div>
                  </div>
              </div>
            </div>
            <div class="card-body l1">
              <div class="card-header">
                <div class="card-title outline-child">
                  <div class="node" id="202"><span class="badge log pass-bg mr-2">Pass</span>Find the dealers and verify the dealers are in list</div>
                </div>
              </div>
              <div class="card-body mt-3 collapse">
                  <div class="step pass-bg">
                    <span>Given I am on homepage</span>
      <div>
      </div>
                  </div>
                  <div class="step pass-bg">
                    <span>When I mouse hover on “buy+sell” tab</span>
      <div>
      </div>
                  </div>
                  <div class="step pass-bg">
                    <span>And I click ‘Find a Dealer’</span>
      <div>
      </div>
                  </div>
                  <div class="step pass-bg">
                    <span>Then I navigate to ‘car-dealers’ page</span>
      <div>
      </div>
                  </div>
                  <div class="step pass-bg">
                    <span>And I should see the dealer names 'ANDREA MOTORI SERVICE' are display on page</span>
      <div>
      </div>
                  </div>
              </div>
            </div>
            <div class="card-body l1">
              <div class="card-header">
                <div class="card-title outline-child">
                  <div class="node" id="210"><span class="badge log pass-bg mr-2">Pass</span>Find the dealers and verify the dealers are in list</div>
                </div>
              </div>
              <div class="card-body mt-3 collapse">
                  <div class="step pass-bg">
                    <span>Given I am on homepage</span>
      <div>
      </div>
                  </div>
                  <div class="step pass-bg">
                    <span>When I mouse hover on “buy+sell” tab</span>
      <div>
      </div>
                  </div>
                  <div class="step pass-bg">
                    <span>And I click ‘Find a Dealer’</span>
      <div>
      </div>
                  </div>
                  <div class="step pass-bg">
                    <span>Then I navigate to ‘car-dealers’ page</span>
      <div>
      </div>
                  </div>
                  <div class="step pass-bg">
                    <span>And I should see the dealer names 'Oxford Motors' are display on page</span>
      <div>
      </div>
                  </div>
              </div>
            </div>
        </div>
  </div>
</div>
          </div>
        </li>
      </ul>
    </div>
  </div>
<div class="test-content scrollable">
<div class="test-content-tools">
<ul><li><a class="back-to-test" href="#"><i class="fa fa-arrow-left"></i></a></li></ul>
</div>
<div class="test-content-detail"><div class="detail-body"></div></div>
</div></div>
<div class="test-wrapper row view category-view attributes-view">
<div class="test-list">
<div class="test-list-tools">
<ul class="tools pull-left"><li><a href=""><span class="font-size-14">Category</span></a></li></ul>
<ul class="tools text-right"><li><a href="#"><span class="badge badge-primary">2</span></a></li></ul>
</div>
<div class="test-list-wrapper scrollable">
<ul class="test-list-item">
<li class="test-item">
<div class="test-detail">
<span class="meta">
<span class='badge log pass-bg'>7</span>
<span class='badge log badge-danger'>6</span>
</span>
<p class="name">@author_MKT</p>
<p class="duration text-sm">13 tests</p>
</div>
<div class="test-contents d-none">
<div class="info">
<h4>@author_MKT</h4>
<span status="pass" class='badge log pass-bg'>7 passed</span>
<span status="fail" class='badge log badge-danger'>6 failed</span>
</div>
<table class='table table-sm mt-4'>
<thead>
<tr>
<th class="status-col">Status</th>
<th class="timestamp-col">Timestamp</th>
<th>TestName</th>
</tr>
</thead>
<tbody>
<tr class="tag-test-status" status="fail">
<td><span class="badge log fail-bg">Fail</span></td>
<td>17:31:36 pm</td>
<td>
<a href="#" class="linked" test-id='1' id='3'>Search the buy car with model</a>
<div class="">
<span class="badge badge-default">Search functionality.Search the buy car with model</span>
</div>
</td>
</tr>
<tr class="tag-test-status" status="fail">
<td><span class="badge log fail-bg">Fail</span></td>
<td>17:31:49 pm</td>
<td>
<a href="#" class="linked" test-id='1' id='16'>Search the buy car with model</a>
<div class="">
<span class="badge badge-default">Search functionality.Search the buy car with model</span>
</div>
</td>
</tr>
<tr class="tag-test-status" status="fail">
<td><span class="badge log fail-bg">Fail</span></td>
<td>17:31:59 pm</td>
<td>
<a href="#" class="linked" test-id='1' id='29'>Search the buy car with model</a>
<div class="">
<span class="badge badge-default">Search functionality.Search the buy car with model</span>
</div>
</td>
</tr>
<tr class="tag-test-status" status="fail">
<td><span class="badge log fail-bg">Fail</span></td>
<td>17:32:09 pm</td>
<td>
<a href="#" class="linked" test-id='1' id='42'>Search the buy car with model</a>
<div class="">
<span class="badge badge-default">Search functionality.Search the buy car with model</span>
</div>
</td>
</tr>
<tr class="tag-test-status" status="fail">
<td><span class="badge log fail-bg">Fail</span></td>
<td>17:32:20 pm</td>
<td>
<a href="#" class="linked" test-id='1' id='55'>Search the buy car with model</a>
<div class="">
<span class="badge badge-default">Search functionality.Search the buy car with model</span>
</div>
</td>
</tr>
<tr class="tag-test-status" status="fail">
<td><span class="badge log fail-bg">Fail</span></td>
<td>17:32:30 pm</td>
<td>
<a href="#" class="linked" test-id='1' id='68'>Search the buy car with model</a>
<div class="">
<span class="badge badge-default">Search functionality.Search the buy car with model</span>
</div>
</td>
</tr>
<tr class="tag-test-status" status="pass">
<td><span class="badge log pass-bg">Pass</span></td>
<td>17:33:59 pm</td>
<td>
<a href="#" class="linked" test-id='160' id='162'>Find the dealers and verify the dealers are in list</a>
<div class="">
<span class="badge badge-default">Find the dealers and verify.Find the dealers and verify the dealers are in list</span>
</div>
</td>
</tr>
<tr class="tag-test-status" status="pass">
<td><span class="badge log pass-bg">Pass</span></td>
<td>17:34:07 pm</td>
<td>
<a href="#" class="linked" test-id='160' id='170'>Find the dealers and verify the dealers are in list</a>
<div class="">
<span class="badge badge-default">Find the dealers and verify.Find the dealers and verify the dealers are in list</span>
</div>
</td>
</tr>
<tr class="tag-test-status" status="pass">
<td><span class="badge log pass-bg">Pass</span></td>
<td>17:34:15 pm</td>
<td>
<a href="#" class="linked" test-id='160' id='178'>Find the dealers and verify the dealers are in list</a>
<div class="">
<span class="badge badge-default">Find the dealers and verify.Find the dealers and verify the dealers are in list</span>
</div>
</td>
</tr>
<tr class="tag-test-status" status="pass">
<td><span class="badge log pass-bg">Pass</span></td>
<td>17:34:22 pm</td>
<td>
<a href="#" class="linked" test-id='160' id='186'>Find the dealers and verify the dealers are in list</a>
<div class="">
<span class="badge badge-default">Find the dealers and verify.Find the dealers and verify the dealers are in list</span>
</div>
</td>
</tr>
<tr class="tag-test-status" status="pass">
<td><span class="badge log pass-bg">Pass</span></td>
<td>17:34:30 pm</td>
<td>
<a href="#" class="linked" test-id='160' id='194'>Find the dealers and verify the dealers are in list</a>
<div class="">
<span class="badge badge-default">Find the dealers and verify.Find the dealers and verify the dealers are in list</span>
</div>
</td>
</tr>
<tr class="tag-test-status" status="pass">
<td><span class="badge log pass-bg">Pass</span></td>
<td>17:34:38 pm</td>
<td>
<a href="#" class="linked" test-id='160' id='202'>Find the dealers and verify the dealers are in list</a>
<div class="">
<span class="badge badge-default">Find the dealers and verify.Find the dealers and verify the dealers are in list</span>
</div>
</td>
</tr>
<tr class="tag-test-status" status="pass">
<td><span class="badge log pass-bg">Pass</span></td>
<td>17:34:47 pm</td>
<td>
<a href="#" class="linked" test-id='160' id='210'>Find the dealers and verify the dealers are in list</a>
<div class="">
<span class="badge badge-default">Find the dealers and verify.Find the dealers and verify the dealers are in list</span>
</div>
</td>
</tr>
</tbody>
</table>
</div>
</li>
<li class="test-item">
<div class="test-detail">
<span class="meta">
<span class='badge log pass-bg'>7</span>
<span class='badge log badge-danger'>6</span>
</span>
<p class="name">@regression</p>
<p class="duration text-sm">13 tests</p>
</div>
<div class="test-contents d-none">
<div class="info">
<h4>@regression</h4>
<span status="pass" class='badge log pass-bg'>7 passed</span>
<span status="fail" class='badge log badge-danger'>6 failed</span>
</div>
<table class='table table-sm mt-4'>
<thead>
<tr>
<th class="status-col">Status</th>
<th class="timestamp-col">Timestamp</th>
<th>TestName</th>
</tr>
</thead>
<tbody>
<tr class="tag-test-status" status="fail">
<td><span class="badge log fail-bg">Fail</span></td>
<td>17:31:36 pm</td>
<td>
<a href="#" class="linked" test-id='1' id='3'>Search the buy car with model</a>
<div class="">
<span class="badge badge-default">Search functionality.Search the buy car with model</span>
</div>
</td>
</tr>
<tr class="tag-test-status" status="fail">
<td><span class="badge log fail-bg">Fail</span></td>
<td>17:31:49 pm</td>
<td>
<a href="#" class="linked" test-id='1' id='16'>Search the buy car with model</a>
<div class="">
<span class="badge badge-default">Search functionality.Search the buy car with model</span>
</div>
</td>
</tr>
<tr class="tag-test-status" status="fail">
<td><span class="badge log fail-bg">Fail</span></td>
<td>17:31:59 pm</td>
<td>
<a href="#" class="linked" test-id='1' id='29'>Search the buy car with model</a>
<div class="">
<span class="badge badge-default">Search functionality.Search the buy car with model</span>
</div>
</td>
</tr>
<tr class="tag-test-status" status="fail">
<td><span class="badge log fail-bg">Fail</span></td>
<td>17:32:09 pm</td>
<td>
<a href="#" class="linked" test-id='1' id='42'>Search the buy car with model</a>
<div class="">
<span class="badge badge-default">Search functionality.Search the buy car with model</span>
</div>
</td>
</tr>
<tr class="tag-test-status" status="fail">
<td><span class="badge log fail-bg">Fail</span></td>
<td>17:32:20 pm</td>
<td>
<a href="#" class="linked" test-id='1' id='55'>Search the buy car with model</a>
<div class="">
<span class="badge badge-default">Search functionality.Search the buy car with model</span>
</div>
</td>
</tr>
<tr class="tag-test-status" status="fail">
<td><span class="badge log fail-bg">Fail</span></td>
<td>17:32:30 pm</td>
<td>
<a href="#" class="linked" test-id='1' id='68'>Search the buy car with model</a>
<div class="">
<span class="badge badge-default">Search functionality.Search the buy car with model</span>
</div>
</td>
</tr>
<tr class="tag-test-status" status="pass">
<td><span class="badge log pass-bg">Pass</span></td>
<td>17:33:59 pm</td>
<td>
<a href="#" class="linked" test-id='160' id='162'>Find the dealers and verify the dealers are in list</a>
<div class="">
<span class="badge badge-default">Find the dealers and verify.Find the dealers and verify the dealers are in list</span>
</div>
</td>
</tr>
<tr class="tag-test-status" status="pass">
<td><span class="badge log pass-bg">Pass</span></td>
<td>17:34:07 pm</td>
<td>
<a href="#" class="linked" test-id='160' id='170'>Find the dealers and verify the dealers are in list</a>
<div class="">
<span class="badge badge-default">Find the dealers and verify.Find the dealers and verify the dealers are in list</span>
</div>
</td>
</tr>
<tr class="tag-test-status" status="pass">
<td><span class="badge log pass-bg">Pass</span></td>
<td>17:34:15 pm</td>
<td>
<a href="#" class="linked" test-id='160' id='178'>Find the dealers and verify the dealers are in list</a>
<div class="">
<span class="badge badge-default">Find the dealers and verify.Find the dealers and verify the dealers are in list</span>
</div>
</td>
</tr>
<tr class="tag-test-status" status="pass">
<td><span class="badge log pass-bg">Pass</span></td>
<td>17:34:22 pm</td>
<td>
<a href="#" class="linked" test-id='160' id='186'>Find the dealers and verify the dealers are in list</a>
<div class="">
<span class="badge badge-default">Find the dealers and verify.Find the dealers and verify the dealers are in list</span>
</div>
</td>
</tr>
<tr class="tag-test-status" status="pass">
<td><span class="badge log pass-bg">Pass</span></td>
<td>17:34:30 pm</td>
<td>
<a href="#" class="linked" test-id='160' id='194'>Find the dealers and verify the dealers are in list</a>
<div class="">
<span class="badge badge-default">Find the dealers and verify.Find the dealers and verify the dealers are in list</span>
</div>
</td>
</tr>
<tr class="tag-test-status" status="pass">
<td><span class="badge log pass-bg">Pass</span></td>
<td>17:34:38 pm</td>
<td>
<a href="#" class="linked" test-id='160' id='202'>Find the dealers and verify the dealers are in list</a>
<div class="">
<span class="badge badge-default">Find the dealers and verify.Find the dealers and verify the dealers are in list</span>
</div>
</td>
</tr>
<tr class="tag-test-status" status="pass">
<td><span class="badge log pass-bg">Pass</span></td>
<td>17:34:47 pm</td>
<td>
<a href="#" class="linked" test-id='160' id='210'>Find the dealers and verify the dealers are in list</a>
<div class="">
<span class="badge badge-default">Find the dealers and verify.Find the dealers and verify the dealers are in list</span>
</div>
</td>
</tr>
</tbody>
</table>
</div>
</li>
</ul>
</div>
</div>
<div class="test-content scrollable">
<div class="test-content-detail">
<div class="detail-body"></div>
</div>
</div>
</div><div class="test-wrapper row view exception-view attributes-view">
<div class="test-list">
<div class="test-list-tools">
<ul class="tools pull-left"><li><a href=""><span class="font-size-14">Exception</span></a></li></ul>
<ul class="tools text-right"><li><a href="#"><span class="badge badge-primary">2</span></a></li></ul>
</div>
<div class="test-list-wrapper scrollable">
<ul class="test-list-item">
<li class="test-item">
<div class="test-detail">
<span class="meta">
<span class='badge log badge-danger'>11</span>
</span>
<p class="name">org.openqa.selenium.ElementClickInterceptedException</p>
<p class="duration text-sm">11 tests</p>
</div>
<div class="test-contents d-none">
<div class="info">
<h4>org.openqa.selenium.ElementClickInterceptedException</h4>
<span status="fail" class='badge log badge-danger'>11 failed</span>
</div>
<table class='table table-sm mt-4'>
<thead>
<tr>
<th class="status-col">Status</th>
<th class="timestamp-col">Timestamp</th>
<th>TestName</th>
</tr>
</thead>
<tbody>
<tr class="tag-test-status" status="fail">
<td><span class="badge log fail-bg">Fail</span></td>
<td>17:31:47 pm</td>
<td>
<a href="#" class="linked" test-id='1' id='13'>And I click on Find My Next Car tab</a>
<div class="">
<span class="badge badge-default">Search functionality.Search the buy car with model.And I click on Find My Next Car tab</span>
</div>
</td>
</tr>
<tr class="tag-test-status" status="fail">
<td><span class="badge log fail-bg">Fail</span></td>
<td>17:31:58 pm</td>
<td>
<a href="#" class="linked" test-id='1' id='26'>And I click on Find My Next Car tab</a>
<div class="">
<span class="badge badge-default">Search functionality.Search the buy car with model.And I click on Find My Next Car tab</span>
</div>
</td>
</tr>
<tr class="tag-test-status" status="fail">
<td><span class="badge log fail-bg">Fail</span></td>
<td>17:32:08 pm</td>
<td>
<a href="#" class="linked" test-id='1' id='39'>And I click on Find My Next Car tab</a>
<div class="">
<span class="badge badge-default">Search functionality.Search the buy car with model.And I click on Find My Next Car tab</span>
</div>
</td>
</tr>
<tr class="tag-test-status" status="fail">
<td><span class="badge log fail-bg">Fail</span></td>
<td>17:32:18 pm</td>
<td>
<a href="#" class="linked" test-id='1' id='52'>And I click on Find My Next Car tab</a>
<div class="">
<span class="badge badge-default">Search functionality.Search the buy car with model.And I click on Find My Next Car tab</span>
</div>
</td>
</tr>
<tr class="tag-test-status" status="fail">
<td><span class="badge log fail-bg">Fail</span></td>
<td>17:32:29 pm</td>
<td>
<a href="#" class="linked" test-id='1' id='65'>And I click on Find My Next Car tab</a>
<div class="">
<span class="badge badge-default">Search functionality.Search the buy car with model.And I click on Find My Next Car tab</span>
</div>
</td>
</tr>
<tr class="tag-test-status" status="fail">
<td><span class="badge log fail-bg">Fail</span></td>
<td>17:32:39 pm</td>
<td>
<a href="#" class="linked" test-id='1' id='78'>And I click on Find My Next Car tab</a>
<div class="">
<span class="badge badge-default">Search functionality.Search the buy car with model.And I click on Find My Next Car tab</span>
</div>
</td>
</tr>
<tr class="tag-test-status" status="fail">
<td><span class="badge log fail-bg">Fail</span></td>
<td>17:32:50 pm</td>
<td>
<a href="#" class="linked" test-id='1' id='92'>And I click on Find My Next Car tab</a>
<div class="">
<span class="badge badge-default">Search functionality.Search the used car with model.And I click on Find My Next Car tab</span>
</div>
</td>
</tr>
<tr class="tag-test-status" status="fail">
<td><span class="badge log fail-bg">Fail</span></td>
<td>17:33:00 pm</td>
<td>
<a href="#" class="linked" test-id='1' id='105'>And I click on Find My Next Car tab</a>
<div class="">
<span class="badge badge-default">Search functionality.Search the used car with model.And I click on Find My Next Car tab</span>
</div>
</td>
</tr>
<tr class="tag-test-status" status="fail">
<td><span class="badge log fail-bg">Fail</span></td>
<td>17:33:10 pm</td>
<td>
<a href="#" class="linked" test-id='1' id='118'>And I click on Find My Next Car tab</a>
<div class="">
<span class="badge badge-default">Search functionality.Search the used car with model.And I click on Find My Next Car tab</span>
</div>
</td>
</tr>
<tr class="tag-test-status" status="fail">
<td><span class="badge log fail-bg">Fail</span></td>
<td>17:33:19 pm</td>
<td>
<a href="#" class="linked" test-id='1' id='131'>And I click on Find My Next Car tab</a>
<div class="">
<span class="badge badge-default">Search functionality.Search the used car with model.And I click on Find My Next Car tab</span>
</div>
</td>
</tr>
<tr class="tag-test-status" status="fail">
<td><span class="badge log fail-bg">Fail</span></td>
<td>17:33:30 pm</td>
<td>
<a href="#" class="linked" test-id='1' id='144'>And I click on Find My Next Car tab</a>
<div class="">
<span class="badge badge-default">Search functionality.Search the used car with model.And I click on Find My Next Car tab</span>
</div>
</td>
</tr>
</tbody>
</table>
</div>
</li>
<li class="test-item">
<div class="test-detail">
<span class="meta">
<span class='badge log badge-danger'>1</span>
</span>
<p class="name">org.openqa.selenium.NoSuchElementException</p>
<p class="duration text-sm">1 tests</p>
</div>
<div class="test-contents d-none">
<div class="info">
<h4>org.openqa.selenium.NoSuchElementException</h4>
<span status="fail" class='badge log badge-danger'>1 failed</span>
</div>
<table class='table table-sm mt-4'>
<thead>
<tr>
<th class="status-col">Status</th>
<th class="timestamp-col">Timestamp</th>
<th>TestName</th>
</tr>
</thead>
<tbody>
<tr class="tag-test-status" status="fail">
<td><span class="badge log fail-bg">Fail</span></td>
<td>17:33:39 pm</td>
<td>
<a href="#" class="linked" test-id='1' id='154'>And I select model 'M135i'</a>
<div class="">
<span class="badge badge-default">Search functionality.Search the used car with model.And I select model 'M135i'</span>
</div>
</td>
</tr>
</tbody>
</table>
</div>
</li>
</ul>
</div>
</div>
<div class="test-content scrollable">
<div class="test-content-detail">
<div class="detail-body"></div>
</div>
</div>
</div>        </div>
      </div>
    </div>
  </div>
<script src="https://cdn.jsdelivr.net/gh/extent-framework/extent-github-cdn@d6562a79075e061305ccfdb82f01e5e195e2d307/spark/js/spark-script.js"></script>
<script type="text/javascript"></script></body>
</html>